{"/home/sergio/Projects/cucarachas/client/src/components/footer/index.tsx": {"path":"/home/sergio/Projects/cucarachas/client/src/components/footer/index.tsx","statementMap":{"0":{"start":{"line":3,"column":15},"end":{"line":5,"column":1}},"1":{"start":{"line":4,"column":2},"end":{"line":4,"column":53}},"2":{"start":{"line":7,"column":0},"end":{"line":7,"column":23}}},"fnMap":{"0":{"name":"(anonymous_0)","decl":{"start":{"line":3,"column":15},"end":{"line":3,"column":16}},"loc":{"start":{"line":3,"column":21},"end":{"line":5,"column":1}},"line":3}},"branchMap":{},"s":{"0":1,"1":1,"2":1},"f":{"0":1},"b":{},"_coverageSchema":"1a1c01bbd47fc00a2c39e90264f33305004495a9","hash":"2251434781fd78a1330c5279297b510d83a4800f"}
,"/home/sergio/Projects/cucarachas/client/src/store/reducers/index.js": {"path":"/home/sergio/Projects/cucarachas/client/src/store/reducers/index.js","statementMap":{"0":{"start":{"line":1,"column":28},"end":{"line":1,"column":44}},"1":{"start":{"line":2,"column":24},"end":{"line":2,"column":53}},"2":{"start":{"line":3,"column":23},"end":{"line":3,"column":51}},"3":{"start":{"line":4,"column":22},"end":{"line":4,"column":49}},"4":{"start":{"line":5,"column":23},"end":{"line":5,"column":51}},"5":{"start":{"line":7,"column":22},"end":{"line":12,"column":2}},"6":{"start":{"line":14,"column":0},"end":{"line":14,"column":30}}},"fnMap":{},"branchMap":{},"s":{"0":1,"1":1,"2":1,"3":1,"4":1,"5":1,"6":1},"f":{},"b":{},"_coverageSchema":"1a1c01bbd47fc00a2c39e90264f33305004495a9","hash":"9692c830f210a8de6e77473ff8cce82de86723e1"}
,"/home/sergio/Projects/cucarachas/client/src/store/reducers/article/reducer.js": {"path":"/home/sergio/Projects/cucarachas/client/src/store/reducers/article/reducer.js","statementMap":{"0":{"start":{"line":1,"column":21},"end":{"line":1,"column":23}},"1":{"start":{"line":3,"column":16},"end":{"line":18,"column":1}},"2":{"start":{"line":4,"column":2},"end":{"line":17,"column":3}},"3":{"start":{"line":6,"column":6},"end":{"line":9,"column":7}},"4":{"start":{"line":11,"column":6},"end":{"line":14,"column":7}},"5":{"start":{"line":16,"column":6},"end":{"line":16,"column":18}},"6":{"start":{"line":20,"column":0},"end":{"line":20,"column":24}}},"fnMap":{"0":{"name":"(anonymous_0)","decl":{"start":{"line":3,"column":16},"end":{"line":3,"column":17}},"loc":{"start":{"line":3,"column":55},"end":{"line":18,"column":1}},"line":3}},"branchMap":{"0":{"loc":{"start":{"line":3,"column":17},"end":{"line":3,"column":37}},"type":"default-arg","locations":[{"start":{"line":3,"column":25},"end":{"line":3,"column":37}}],"line":3},"1":{"loc":{"start":{"line":3,"column":39},"end":{"line":3,"column":50}},"type":"default-arg","locations":[{"start":{"line":3,"column":48},"end":{"line":3,"column":50}}],"line":3},"2":{"loc":{"start":{"line":4,"column":2},"end":{"line":17,"column":3}},"type":"switch","locations":[{"start":{"line":5,"column":4},"end":{"line":9,"column":7}},{"start":{"line":10,"column":4},"end":{"line":14,"column":7}},{"start":{"line":15,"column":4},"end":{"line":16,"column":18}}],"line":4}},"s":{"0":1,"1":1,"2":3,"3":0,"4":0,"5":3,"6":1},"f":{"0":3},"b":{"0":[2],"1":[0],"2":[0,0,3]},"_coverageSchema":"1a1c01bbd47fc00a2c39e90264f33305004495a9","hash":"42f440479ab1d3b11561da2ae3f3eed9d61322ce"}
,"/home/sergio/Projects/cucarachas/client/src/store/reducers/articles/reducer.js": {"path":"/home/sergio/Projects/cucarachas/client/src/store/reducers/articles/reducer.js","statementMap":{"0":{"start":{"line":1,"column":21},"end":{"line":3,"column":1}},"1":{"start":{"line":5,"column":16},"end":{"line":15,"column":1}},"2":{"start":{"line":6,"column":2},"end":{"line":14,"column":3}},"3":{"start":{"line":8,"column":6},"end":{"line":11,"column":7}},"4":{"start":{"line":13,"column":6},"end":{"line":13,"column":18}},"5":{"start":{"line":17,"column":0},"end":{"line":17,"column":24}}},"fnMap":{"0":{"name":"(anonymous_0)","decl":{"start":{"line":5,"column":16},"end":{"line":5,"column":17}},"loc":{"start":{"line":5,"column":55},"end":{"line":15,"column":1}},"line":5}},"branchMap":{"0":{"loc":{"start":{"line":5,"column":17},"end":{"line":5,"column":37}},"type":"default-arg","locations":[{"start":{"line":5,"column":25},"end":{"line":5,"column":37}}],"line":5},"1":{"loc":{"start":{"line":5,"column":39},"end":{"line":5,"column":50}},"type":"default-arg","locations":[{"start":{"line":5,"column":48},"end":{"line":5,"column":50}}],"line":5},"2":{"loc":{"start":{"line":6,"column":2},"end":{"line":14,"column":3}},"type":"switch","locations":[{"start":{"line":7,"column":4},"end":{"line":11,"column":7}},{"start":{"line":12,"column":4},"end":{"line":13,"column":18}}],"line":6}},"s":{"0":1,"1":1,"2":3,"3":0,"4":3,"5":1},"f":{"0":3},"b":{"0":[2],"1":[0],"2":[0,3]},"_coverageSchema":"1a1c01bbd47fc00a2c39e90264f33305004495a9","hash":"b1351872c37e37c9999bfb7cbeaae0b3209d7879"}
,"/home/sergio/Projects/cucarachas/client/src/store/reducers/logged/reducer.js": {"path":"/home/sergio/Projects/cucarachas/client/src/store/reducers/logged/reducer.js","statementMap":{"0":{"start":{"line":1,"column":21},"end":{"line":1,"column":26}},"1":{"start":{"line":3,"column":16},"end":{"line":10,"column":1}},"2":{"start":{"line":4,"column":2},"end":{"line":9,"column":3}},"3":{"start":{"line":6,"column":6},"end":{"line":6,"column":27}},"4":{"start":{"line":8,"column":6},"end":{"line":8,"column":18}},"5":{"start":{"line":12,"column":0},"end":{"line":12,"column":24}}},"fnMap":{"0":{"name":"(anonymous_0)","decl":{"start":{"line":3,"column":16},"end":{"line":3,"column":17}},"loc":{"start":{"line":3,"column":55},"end":{"line":10,"column":1}},"line":3}},"branchMap":{"0":{"loc":{"start":{"line":3,"column":17},"end":{"line":3,"column":37}},"type":"default-arg","locations":[{"start":{"line":3,"column":25},"end":{"line":3,"column":37}}],"line":3},"1":{"loc":{"start":{"line":3,"column":39},"end":{"line":3,"column":50}},"type":"default-arg","locations":[{"start":{"line":3,"column":48},"end":{"line":3,"column":50}}],"line":3},"2":{"loc":{"start":{"line":4,"column":2},"end":{"line":9,"column":3}},"type":"switch","locations":[{"start":{"line":5,"column":4},"end":{"line":6,"column":27}},{"start":{"line":7,"column":4},"end":{"line":8,"column":18}}],"line":4}},"s":{"0":1,"1":1,"2":3,"3":0,"4":3,"5":1},"f":{"0":3},"b":{"0":[2],"1":[0],"2":[0,3]},"_coverageSchema":"1a1c01bbd47fc00a2c39e90264f33305004495a9","hash":"b24755b0c148bb9e6057b7ba57c0185597d05991"}
,"/home/sergio/Projects/cucarachas/client/src/store/reducers/message/reducer.js": {"path":"/home/sergio/Projects/cucarachas/client/src/store/reducers/message/reducer.js","statementMap":{"0":{"start":{"line":1,"column":21},"end":{"line":7,"column":1}},"1":{"start":{"line":9,"column":16},"end":{"line":39,"column":1}},"2":{"start":{"line":10,"column":16},"end":{"line":10,"column":20}},"3":{"start":{"line":11,"column":22},"end":{"line":11,"column":28}},"4":{"start":{"line":13,"column":2},"end":{"line":14,"column":21}},"5":{"start":{"line":14,"column":4},"end":{"line":14,"column":21}},"6":{"start":{"line":15,"column":2},"end":{"line":15,"column":77}},"7":{"start":{"line":15,"column":52},"end":{"line":15,"column":77}},"8":{"start":{"line":16,"column":2},"end":{"line":16,"column":50}},"9":{"start":{"line":16,"column":24},"end":{"line":16,"column":50}},"10":{"start":{"line":18,"column":2},"end":{"line":38,"column":3}},"11":{"start":{"line":20,"column":6},"end":{"line":23,"column":7}},"12":{"start":{"line":25,"column":6},"end":{"line":28,"column":7}},"13":{"start":{"line":30,"column":6},"end":{"line":33,"column":7}},"14":{"start":{"line":35,"column":6},"end":{"line":35,"column":25}},"15":{"start":{"line":37,"column":6},"end":{"line":37,"column":18}},"16":{"start":{"line":41,"column":0},"end":{"line":41,"column":24}}},"fnMap":{"0":{"name":"(anonymous_0)","decl":{"start":{"line":9,"column":16},"end":{"line":9,"column":17}},"loc":{"start":{"line":9,"column":55},"end":{"line":39,"column":1}},"line":9}},"branchMap":{"0":{"loc":{"start":{"line":9,"column":17},"end":{"line":9,"column":37}},"type":"default-arg","locations":[{"start":{"line":9,"column":25},"end":{"line":9,"column":37}}],"line":9},"1":{"loc":{"start":{"line":9,"column":39},"end":{"line":9,"column":50}},"type":"default-arg","locations":[{"start":{"line":9,"column":48},"end":{"line":9,"column":50}}],"line":9},"2":{"loc":{"start":{"line":13,"column":2},"end":{"line":14,"column":21}},"type":"if","locations":[{"start":{"line":13,"column":2},"end":{"line":14,"column":21}},{"start":{},"end":{}}],"line":13},"3":{"loc":{"start":{"line":13,"column":6},"end":{"line":13,"column":62}},"type":"binary-expr","locations":[{"start":{"line":13,"column":6},"end":{"line":13,"column":33}},{"start":{"line":13,"column":37},"end":{"line":13,"column":62}}],"line":13},"4":{"loc":{"start":{"line":15,"column":2},"end":{"line":15,"column":77}},"type":"if","locations":[{"start":{"line":15,"column":2},"end":{"line":15,"column":77}},{"start":{},"end":{}}],"line":15},"5":{"loc":{"start":{"line":15,"column":6},"end":{"line":15,"column":50}},"type":"binary-expr","locations":[{"start":{"line":15,"column":6},"end":{"line":15,"column":30}},{"start":{"line":15,"column":34},"end":{"line":15,"column":50}}],"line":15},"6":{"loc":{"start":{"line":16,"column":2},"end":{"line":16,"column":50}},"type":"if","locations":[{"start":{"line":16,"column":2},"end":{"line":16,"column":50}},{"start":{},"end":{}}],"line":16},"7":{"loc":{"start":{"line":18,"column":2},"end":{"line":38,"column":3}},"type":"switch","locations":[{"start":{"line":19,"column":4},"end":{"line":23,"column":7}},{"start":{"line":24,"column":4},"end":{"line":28,"column":7}},{"start":{"line":29,"column":4},"end":{"line":33,"column":7}},{"start":{"line":34,"column":4},"end":{"line":35,"column":25}},{"start":{"line":36,"column":4},"end":{"line":37,"column":18}}],"line":18}},"s":{"0":1,"1":1,"2":3,"3":3,"4":3,"5":0,"6":3,"7":0,"8":3,"9":0,"10":3,"11":0,"12":0,"13":0,"14":0,"15":3,"16":1},"f":{"0":3},"b":{"0":[2],"1":[0],"2":[0,3],"3":[3,3],"4":[0,3],"5":[3,3],"6":[0,3],"7":[0,0,0,0,3]},"_coverageSchema":"1a1c01bbd47fc00a2c39e90264f33305004495a9","hash":"2d6e13961aabaeb4aaf9998b350c5e7f5f071dce"}
,"/home/sergio/Projects/cucarachas/client/src/store/setUp/index.js": {"path":"/home/sergio/Projects/cucarachas/client/src/store/setUp/index.js","statementMap":{"0":{"start":{"line":1,"column":41},"end":{"line":1,"column":57}},"1":{"start":{"line":2,"column":24},"end":{"line":2,"column":54}},"2":{"start":{"line":3,"column":32},"end":{"line":3,"column":68}},"3":{"start":{"line":4,"column":25},"end":{"line":4,"column":47}},"4":{"start":{"line":5,"column":21},"end":{"line":5,"column":49}},"5":{"start":{"line":7,"column":25},"end":{"line":7,"column":78}},"6":{"start":{"line":9,"column":19},"end":{"line":15,"column":1}},"7":{"start":{"line":10,"column":2},"end":{"line":14,"column":3}},"8":{"start":{"line":17,"column":0},"end":{"line":17,"column":27}}},"fnMap":{"0":{"name":"(anonymous_0)","decl":{"start":{"line":9,"column":19},"end":{"line":9,"column":20}},"loc":{"start":{"line":9,"column":35},"end":{"line":15,"column":1}},"line":9}},"branchMap":{},"s":{"0":1,"1":1,"2":1,"3":1,"4":1,"5":1,"6":1,"7":1,"8":1},"f":{"0":1},"b":{},"_coverageSchema":"1a1c01bbd47fc00a2c39e90264f33305004495a9","hash":"aa853bad15cfdbc3e0b66d7a5582586f05beaa3d"}
,"/home/sergio/Projects/cucarachas/client/src/store/state/index.ts": {"path":"/home/sergio/Projects/cucarachas/client/src/store/state/index.ts","statementMap":{"0":{"start":{"line":10,"column":32},"end":{"line":21,"column":1}},"1":{"start":{"line":23,"column":0},"end":{"line":23,"column":29}}},"fnMap":{},"branchMap":{},"s":{"0":1,"1":1},"f":{},"b":{},"_coverageSchema":"1a1c01bbd47fc00a2c39e90264f33305004495a9","hash":"63349ea773b8c2943fa0226891125375ff9a1763"}
,"/home/sergio/Projects/cucarachas/client/test/utils/test-utils.js": {"path":"/home/sergio/Projects/cucarachas/client/test/utils/test-utils.js","statementMap":{"0":{"start":{"line":1,"column":14},"end":{"line":1,"column":30}},"1":{"start":{"line":2,"column":19},"end":{"line":2,"column":52}},"2":{"start":{"line":3,"column":20},"end":{"line":3,"column":52}},"3":{"start":{"line":4,"column":21},"end":{"line":4,"column":43}},"4":{"start":{"line":16,"column":4},"end":{"line":16,"column":56}},"5":{"start":{"line":20,"column":2},"end":{"line":20,"column":73}},"6":{"start":{"line":23,"column":0},"end":{"line":23,"column":36}}},"fnMap":{"0":{"name":"renderWithProviders","decl":{"start":{"line":6,"column":9},"end":{"line":6,"column":28}},"loc":{"start":{"line":14,"column":2},"end":{"line":21,"column":1}},"line":14},"1":{"name":"Wrapper","decl":{"start":{"line":15,"column":11},"end":{"line":15,"column":18}},"loc":{"start":{"line":15,"column":33},"end":{"line":17,"column":3}},"line":15}},"branchMap":{"0":{"loc":{"start":{"line":8,"column":2},"end":{"line":13,"column":8}},"type":"default-arg","locations":[{"start":{"line":13,"column":6},"end":{"line":13,"column":8}}],"line":8},"1":{"loc":{"start":{"line":9,"column":4},"end":{"line":9,"column":23}},"type":"default-arg","locations":[{"start":{"line":9,"column":21},"end":{"line":9,"column":23}}],"line":9},"2":{"loc":{"start":{"line":11,"column":4},"end":{"line":11,"column":27}},"type":"default-arg","locations":[{"start":{"line":11,"column":12},"end":{"line":11,"column":27}}],"line":11}},"s":{"0":1,"1":1,"2":1,"3":1,"4":1,"5":1,"6":1},"f":{"0":1,"1":1},"b":{"0":[1],"1":[1],"2":[1]},"_coverageSchema":"1a1c01bbd47fc00a2c39e90264f33305004495a9","hash":"4f877dd33ab49fe9ff7a1aeea2374e89d04ddae4"}
}
