{"/home/sergio/Projects/cucarachas/client/src/components/index.js": {"path":"/home/sergio/Projects/cucarachas/client/src/components/index.js","statementMap":{"0":{"start":{"line":1,"column":17},"end":{"line":1,"column":48}},"1":{"start":{"line":2,"column":16},"end":{"line":2,"column":46}},"2":{"start":{"line":3,"column":18},"end":{"line":3,"column":50}},"3":{"start":{"line":4,"column":20},"end":{"line":4,"column":54}},"4":{"start":{"line":5,"column":18},"end":{"line":5,"column":50}},"5":{"start":{"line":6,"column":15},"end":{"line":6,"column":44}},"6":{"start":{"line":7,"column":15},"end":{"line":7,"column":44}},"7":{"start":{"line":8,"column":17},"end":{"line":8,"column":48}},"8":{"start":{"line":9,"column":20},"end":{"line":9,"column":44}},"9":{"start":{"line":10,"column":18},"end":{"line":10,"column":50}},"10":{"start":{"line":11,"column":17},"end":{"line":11,"column":48}},"11":{"start":{"line":12,"column":16},"end":{"line":12,"column":46}},"12":{"start":{"line":13,"column":17},"end":{"line":13,"column":48}},"13":{"start":{"line":15,"column":0},"end":{"line":29,"column":1}}},"fnMap":{},"branchMap":{},"s":{"0":2,"1":2,"2":2,"3":2,"4":2,"5":2,"6":2,"7":2,"8":2,"9":2,"10":2,"11":2,"12":2,"13":2},"f":{},"b":{},"_coverageSchema":"1a1c01bbd47fc00a2c39e90264f33305004495a9","hash":"f7446f14b1f92e0ee9fcd0674b6ec14cb1d4b3e5"}
,"/home/sergio/Projects/cucarachas/client/src/components/article/index.tsx": {"path":"/home/sergio/Projects/cucarachas/client/src/components/article/index.tsx","statementMap":{"0":{"start":{"line":6,"column":29},"end":{"line":6,"column":61}},"1":{"start":{"line":7,"column":34},"end":{"line":7,"column":71}},"2":{"start":{"line":8,"column":17},"end":{"line":8,"column":49}},"3":{"start":{"line":9,"column":16},"end":{"line":9,"column":47}},"4":{"start":{"line":14,"column":20},"end":{"line":14,"column":73}},"5":{"start":{"line":16,"column":26},"end":{"line":81,"column":1}},"6":{"start":{"line":17,"column":19},"end":{"line":17,"column":32}},"7":{"start":{"line":18,"column":32},"end":{"line":18,"column":61}},"8":{"start":{"line":19,"column":18},"end":{"line":21,"column":4}},"9":{"start":{"line":20,"column":4},"end":{"line":20,"column":24}},"10":{"start":{"line":22,"column":17},"end":{"line":22,"column":64}},"11":{"start":{"line":22,"column":51},"end":{"line":22,"column":63}},"12":{"start":{"line":24,"column":2},"end":{"line":32,"column":8}},"13":{"start":{"line":25,"column":4},"end":{"line":31,"column":5}},"14":{"start":{"line":26,"column":23},"end":{"line":26,"column":47}},"15":{"start":{"line":27,"column":29},"end":{"line":27,"column":51}},"16":{"start":{"line":28,"column":6},"end":{"line":30,"column":7}},"17":{"start":{"line":29,"column":8},"end":{"line":29,"column":65}},"18":{"start":{"line":34,"column":2},"end":{"line":39,"column":15}},"19":{"start":{"line":35,"column":4},"end":{"line":38,"column":5}},"20":{"start":{"line":36,"column":26},"end":{"line":36,"column":71}},"21":{"start":{"line":37,"column":6},"end":{"line":37,"column":29}},"22":{"start":{"line":41,"column":2},"end":{"line":41,"column":39}},"23":{"start":{"line":41,"column":28},"end":{"line":41,"column":39}},"24":{"start":{"line":43,"column":20},"end":{"line":43,"column":65}},"25":{"start":{"line":44,"column":20},"end":{"line":44,"column":65}},"26":{"start":{"line":47,"column":2},"end":{"line":80,"column":3}},"27":{"start":{"line":83,"column":0},"end":{"line":83,"column":24}}},"fnMap":{"0":{"name":"(anonymous_0)","decl":{"start":{"line":16,"column":26},"end":{"line":16,"column":27}},"loc":{"start":{"line":16,"column":45},"end":{"line":81,"column":1}},"line":16},"1":{"name":"(anonymous_1)","decl":{"start":{"line":19,"column":30},"end":{"line":19,"column":31}},"loc":{"start":{"line":19,"column":52},"end":{"line":21,"column":3}},"line":19},"2":{"name":"(anonymous_2)","decl":{"start":{"line":22,"column":29},"end":{"line":22,"column":30}},"loc":{"start":{"line":22,"column":51},"end":{"line":22,"column":63}},"line":22},"3":{"name":"(anonymous_3)","decl":{"start":{"line":24,"column":12},"end":{"line":24,"column":13}},"loc":{"start":{"line":24,"column":18},"end":{"line":32,"column":3}},"line":24},"4":{"name":"(anonymous_4)","decl":{"start":{"line":34,"column":12},"end":{"line":34,"column":13}},"loc":{"start":{"line":34,"column":18},"end":{"line":39,"column":3}},"line":34}},"branchMap":{"0":{"loc":{"start":{"line":25,"column":4},"end":{"line":31,"column":5}},"type":"if","locations":[{"start":{"line":25,"column":4},"end":{"line":31,"column":5}},{"start":{},"end":{}}],"line":25},"1":{"loc":{"start":{"line":28,"column":6},"end":{"line":30,"column":7}},"type":"if","locations":[{"start":{"line":28,"column":6},"end":{"line":30,"column":7}},{"start":{},"end":{}}],"line":28},"2":{"loc":{"start":{"line":28,"column":10},"end":{"line":28,"column":56}},"type":"binary-expr","locations":[{"start":{"line":28,"column":10},"end":{"line":28,"column":18}},{"start":{"line":28,"column":22},"end":{"line":28,"column":56}}],"line":28},"3":{"loc":{"start":{"line":35,"column":4},"end":{"line":38,"column":5}},"type":"if","locations":[{"start":{"line":35,"column":4},"end":{"line":38,"column":5}},{"start":{},"end":{}}],"line":35},"4":{"loc":{"start":{"line":35,"column":8},"end":{"line":35,"column":34}},"type":"binary-expr","locations":[{"start":{"line":35,"column":8},"end":{"line":35,"column":15}},{"start":{"line":35,"column":19},"end":{"line":35,"column":34}}],"line":35},"5":{"loc":{"start":{"line":41,"column":2},"end":{"line":41,"column":39}},"type":"if","locations":[{"start":{"line":41,"column":2},"end":{"line":41,"column":39}},{"start":{},"end":{}}],"line":41},"6":{"loc":{"start":{"line":41,"column":6},"end":{"line":41,"column":26}},"type":"binary-expr","locations":[{"start":{"line":41,"column":6},"end":{"line":41,"column":14}},{"start":{"line":41,"column":18},"end":{"line":41,"column":26}}],"line":41},"7":{"loc":{"start":{"line":49,"column":7},"end":{"line":53,"column":7}},"type":"binary-expr","locations":[{"start":{"line":49,"column":7},"end":{"line":49,"column":13}},{"start":{"line":50,"column":8},"end":{"line":52,"column":14}}],"line":49},"8":{"loc":{"start":{"line":54,"column":7},"end":{"line":59,"column":7}},"type":"binary-expr","locations":[{"start":{"line":54,"column":7},"end":{"line":54,"column":13}},{"start":{"line":55,"column":8},"end":{"line":58,"column":10}}],"line":54},"9":{"loc":{"start":{"line":65,"column":11},"end":{"line":70,"column":11}},"type":"binary-expr","locations":[{"start":{"line":65,"column":11},"end":{"line":65,"column":34}},{"start":{"line":66,"column":12},"end":{"line":69,"column":15}}],"line":65},"10":{"loc":{"start":{"line":74,"column":9},"end":{"line":74,"column":76}},"type":"binary-expr","locations":[{"start":{"line":74,"column":9},"end":{"line":74,"column":16}},{"start":{"line":74,"column":20},"end":{"line":74,"column":76}}],"line":74},"11":{"loc":{"start":{"line":75,"column":9},"end":{"line":77,"column":9}},"type":"binary-expr","locations":[{"start":{"line":75,"column":9},"end":{"line":75,"column":25}},{"start":{"line":76,"column":10},"end":{"line":76,"column":74}}],"line":75}},"s":{"0":2,"1":2,"2":2,"3":2,"4":2,"5":2,"6":3,"7":3,"8":3,"9":4,"10":3,"11":4,"12":3,"13":1,"14":1,"15":1,"16":1,"17":1,"18":3,"19":2,"20":1,"21":1,"22":3,"23":2,"24":1,"25":1,"26":1,"27":2},"f":{"0":3,"1":4,"2":4,"3":1,"4":2},"b":{"0":[1,0],"1":[1,0],"2":[1,0],"3":[1,1],"4":[2,1],"5":[2,1],"6":[3,2],"7":[1,0],"8":[1,0],"9":[1,0],"10":[1,1],"11":[1,0]},"_coverageSchema":"1a1c01bbd47fc00a2c39e90264f33305004495a9","hash":"08f37e917112f94d05b6cbfa024ca501bcb608e9"}
,"/home/sergio/Projects/cucarachas/client/src/components/articleCreator/index.js": {"path":"/home/sergio/Projects/cucarachas/client/src/components/articleCreator/index.js","statementMap":{"0":{"start":{"line":1,"column":14},"end":{"line":1,"column":30}},"1":{"start":{"line":11,"column":4},"end":{"line":11,"column":23}},"2":{"start":{"line":12,"column":23},"end":{"line":12,"column":38}},"3":{"start":{"line":13,"column":29},"end":{"line":13,"column":61}},"4":{"start":{"line":15,"column":32},"end":{"line":15,"column":37}},"5":{"start":{"line":17,"column":23},"end":{"line":21,"column":1}},"6":{"start":{"line":18,"column":15},"end":{"line":18,"column":23}},"7":{"start":{"line":19,"column":20},"end":{"line":19,"column":46}},"8":{"start":{"line":20,"column":2},"end":{"line":20,"column":31}},"9":{"start":{"line":24,"column":2},"end":{"line":30,"column":14}},"10":{"start":{"line":25,"column":22},"end":{"line":25,"column":43}},"11":{"start":{"line":26,"column":4},"end":{"line":29,"column":5}},"12":{"start":{"line":33,"column":13},"end":{"line":36,"column":1}},"13":{"start":{"line":34,"column":18},"end":{"line":34,"column":73}},"14":{"start":{"line":35,"column":2},"end":{"line":35,"column":32}},"15":{"start":{"line":38,"column":18},"end":{"line":43,"column":2}},"16":{"start":{"line":46,"column":4},"end":{"line":46,"column":16}},"17":{"start":{"line":48,"column":4},"end":{"line":48,"column":59}},"18":{"start":{"line":52,"column":31},"end":{"line":52,"column":41}},"19":{"start":{"line":53,"column":4},"end":{"line":57,"column":5}},"20":{"start":{"line":54,"column":26},"end":{"line":54,"column":52}},"21":{"start":{"line":55,"column":27},"end":{"line":55,"column":54}},"22":{"start":{"line":56,"column":6},"end":{"line":56,"column":75}},"23":{"start":{"line":60,"column":13},"end":{"line":64,"column":3}},"24":{"start":{"line":61,"column":4},"end":{"line":63,"column":6}},"25":{"start":{"line":62,"column":6},"end":{"line":62,"column":71}},"26":{"start":{"line":66,"column":17},"end":{"line":93,"column":3}},"27":{"start":{"line":67,"column":28},"end":{"line":67,"column":38}},"28":{"start":{"line":68,"column":22},"end":{"line":68,"column":48}},"29":{"start":{"line":69,"column":22},"end":{"line":72,"column":16}},"30":{"start":{"line":74,"column":4},"end":{"line":77,"column":5}},"31":{"start":{"line":75,"column":6},"end":{"line":75,"column":61}},"32":{"start":{"line":76,"column":6},"end":{"line":76,"column":22}},"33":{"start":{"line":80,"column":4},"end":{"line":90,"column":5}},"34":{"start":{"line":81,"column":29},"end":{"line":81,"column":60}},"35":{"start":{"line":82,"column":24},"end":{"line":82,"column":50}},"36":{"start":{"line":83,"column":29},"end":{"line":83,"column":75}},"37":{"start":{"line":85,"column":6},"end":{"line":87,"column":7}},"38":{"start":{"line":89,"column":6},"end":{"line":89,"column":22}},"39":{"start":{"line":92,"column":4},"end":{"line":92,"column":24}},"40":{"start":{"line":95,"column":20},"end":{"line":97,"column":3}},"41":{"start":{"line":96,"column":4},"end":{"line":96,"column":79}},"42":{"start":{"line":99,"column":22},"end":{"line":103,"column":3}},"43":{"start":{"line":100,"column":4},"end":{"line":102,"column":5}},"44":{"start":{"line":105,"column":11},"end":{"line":136,"column":3}},"45":{"start":{"line":106,"column":28},"end":{"line":106,"column":38}},"46":{"start":{"line":107,"column":25},"end":{"line":107,"column":56}},"47":{"start":{"line":108,"column":22},"end":{"line":108,"column":48}},"48":{"start":{"line":109,"column":24},"end":{"line":109,"column":50}},"49":{"start":{"line":110,"column":22},"end":{"line":110,"column":46}},"50":{"start":{"line":111,"column":21},"end":{"line":111,"column":44}},"51":{"start":{"line":112,"column":18},"end":{"line":112,"column":55}},"52":{"start":{"line":113,"column":22},"end":{"line":113,"column":37}},"53":{"start":{"line":114,"column":25},"end":{"line":114,"column":68}},"54":{"start":{"line":116,"column":35},"end":{"line":120,"column":5}},"55":{"start":{"line":122,"column":22},"end":{"line":122,"column":70}},"56":{"start":{"line":125,"column":26},"end":{"line":127,"column":6}},"57":{"start":{"line":129,"column":4},"end":{"line":135,"column":5}},"58":{"start":{"line":138,"column":16},"end":{"line":163,"column":3}},"59":{"start":{"line":139,"column":15},"end":{"line":139,"column":40}},"60":{"start":{"line":140,"column":28},"end":{"line":140,"column":38}},"61":{"start":{"line":141,"column":25},"end":{"line":141,"column":56}},"62":{"start":{"line":142,"column":35},"end":{"line":146,"column":5}},"63":{"start":{"line":147,"column":22},"end":{"line":147,"column":70}},"64":{"start":{"line":148,"column":27},"end":{"line":150,"column":6}},"65":{"start":{"line":152,"column":21},"end":{"line":152,"column":29}},"66":{"start":{"line":154,"column":22},"end":{"line":158,"column":5}},"67":{"start":{"line":160,"column":4},"end":{"line":162,"column":6}},"68":{"start":{"line":166,"column":28},"end":{"line":166,"column":38}},"69":{"start":{"line":170,"column":20},"end":{"line":170,"column":39}},"70":{"start":{"line":171,"column":23},"end":{"line":171,"column":54}},"71":{"start":{"line":172,"column":4},"end":{"line":176,"column":5}},"72":{"start":{"line":173,"column":6},"end":{"line":175,"column":7}},"73":{"start":{"line":174,"column":8},"end":{"line":174,"column":50}},"74":{"start":{"line":178,"column":4},"end":{"line":226,"column":5}},"75":{"start":{"line":194,"column":16},"end":{"line":194,"column":34}},"76":{"start":{"line":195,"column":16},"end":{"line":195,"column":29}},"77":{"start":{"line":222,"column":25},"end":{"line":222,"column":60}},"78":{"start":{"line":230,"column":27},"end":{"line":238,"column":1}},"79":{"start":{"line":231,"column":2},"end":{"line":236,"column":3}},"80":{"start":{"line":232,"column":4},"end":{"line":235,"column":5}},"81":{"start":{"line":237,"column":2},"end":{"line":237,"column":13}},"82":{"start":{"line":240,"column":14},"end":{"line":274,"column":1}},"83":{"start":{"line":241,"column":17},"end":{"line":241,"column":73}},"84":{"start":{"line":242,"column":15},"end":{"line":242,"column":38}},"85":{"start":{"line":243,"column":15},"end":{"line":243,"column":32}},"86":{"start":{"line":244,"column":40},"end":{"line":244,"column":54}},"87":{"start":{"line":246,"column":2},"end":{"line":269,"column":12}},"88":{"start":{"line":248,"column":6},"end":{"line":265,"column":7}},"89":{"start":{"line":249,"column":8},"end":{"line":264,"column":9}},"90":{"start":{"line":250,"column":10},"end":{"line":250,"column":39}},"91":{"start":{"line":252,"column":31},"end":{"line":260,"column":12}},"92":{"start":{"line":253,"column":12},"end":{"line":258,"column":13}},"93":{"start":{"line":254,"column":33},"end":{"line":254,"column":41}},"94":{"start":{"line":255,"column":14},"end":{"line":257,"column":15}},"95":{"start":{"line":256,"column":16},"end":{"line":256,"column":31}},"96":{"start":{"line":259,"column":12},"end":{"line":259,"column":42}},"97":{"start":{"line":261,"column":10},"end":{"line":261,"column":38}},"98":{"start":{"line":262,"column":15},"end":{"line":264,"column":9}},"99":{"start":{"line":263,"column":10},"end":{"line":263,"column":36}},"100":{"start":{"line":268,"column":4},"end":{"line":268,"column":15}},"101":{"start":{"line":271,"column":2},"end":{"line":271,"column":31}},"102":{"start":{"line":271,"column":20},"end":{"line":271,"column":31}},"103":{"start":{"line":273,"column":2},"end":{"line":273,"column":34}},"104":{"start":{"line":277,"column":17},"end":{"line":284,"column":1}},"105":{"start":{"line":287,"column":2},"end":{"line":292,"column":3}},"106":{"start":{"line":289,"column":6},"end":{"line":289,"column":36}},"107":{"start":{"line":291,"column":6},"end":{"line":291,"column":17}},"108":{"start":{"line":297,"column":4},"end":{"line":297,"column":11}},"109":{"start":{"line":298,"column":4},"end":{"line":301,"column":5}},"110":{"start":{"line":299,"column":6},"end":{"line":299,"column":24}},"111":{"start":{"line":300,"column":6},"end":{"line":300,"column":43}},"112":{"start":{"line":305,"column":20},"end":{"line":305,"column":44}},"113":{"start":{"line":306,"column":4},"end":{"line":308,"column":5}},"114":{"start":{"line":307,"column":6},"end":{"line":307,"column":45}},"115":{"start":{"line":310,"column":4},"end":{"line":314,"column":5}},"116":{"start":{"line":318,"column":20},"end":{"line":329,"column":1}},"117":{"start":{"line":331,"column":27},"end":{"line":352,"column":1}},"118":{"start":{"line":332,"column":26},"end":{"line":332,"column":31}},"119":{"start":{"line":333,"column":20},"end":{"line":333,"column":46}},"120":{"start":{"line":334,"column":20},"end":{"line":337,"column":14}},"121":{"start":{"line":339,"column":2},"end":{"line":351,"column":3}},"122":{"start":{"line":342,"column":8},"end":{"line":348,"column":10}},"123":{"start":{"line":354,"column":20},"end":{"line":359,"column":1}},"124":{"start":{"line":361,"column":28},"end":{"line":376,"column":1}},"125":{"start":{"line":362,"column":21},"end":{"line":362,"column":62}},"126":{"start":{"line":363,"column":2},"end":{"line":375,"column":3}},"127":{"start":{"line":366,"column":8},"end":{"line":372,"column":10}},"128":{"start":{"line":378,"column":0},"end":{"line":378,"column":25}}},"fnMap":{"0":{"name":"(anonymous_0)","decl":{"start":{"line":17,"column":23},"end":{"line":17,"column":24}},"loc":{"start":{"line":17,"column":35},"end":{"line":21,"column":1}},"line":17},"1":{"name":"findLinkEntities","decl":{"start":{"line":23,"column":9},"end":{"line":23,"column":25}},"loc":{"start":{"line":23,"column":64},"end":{"line":31,"column":1}},"line":23},"2":{"name":"(anonymous_2)","decl":{"start":{"line":24,"column":32},"end":{"line":24,"column":33}},"loc":{"start":{"line":24,"column":45},"end":{"line":30,"column":3}},"line":24},"3":{"name":"(anonymous_3)","decl":{"start":{"line":33,"column":13},"end":{"line":33,"column":14}},"loc":{"start":{"line":33,"column":22},"end":{"line":36,"column":1}},"line":33},"4":{"name":"(anonymous_4)","decl":{"start":{"line":45,"column":2},"end":{"line":45,"column":3}},"loc":{"start":{"line":45,"column":21},"end":{"line":49,"column":3}},"line":45},"5":{"name":"(anonymous_5)","decl":{"start":{"line":51,"column":2},"end":{"line":51,"column":3}},"loc":{"start":{"line":51,"column":22},"end":{"line":58,"column":3}},"line":51},"6":{"name":"(anonymous_6)","decl":{"start":{"line":60,"column":13},"end":{"line":60,"column":14}},"loc":{"start":{"line":60,"column":28},"end":{"line":64,"column":3}},"line":60},"7":{"name":"(anonymous_7)","decl":{"start":{"line":61,"column":35},"end":{"line":61,"column":36}},"loc":{"start":{"line":61,"column":41},"end":{"line":63,"column":5}},"line":61},"8":{"name":"(anonymous_8)","decl":{"start":{"line":66,"column":17},"end":{"line":66,"column":18}},"loc":{"start":{"line":66,"column":22},"end":{"line":93,"column":3}},"line":66},"9":{"name":"(anonymous_9)","decl":{"start":{"line":95,"column":20},"end":{"line":95,"column":21}},"loc":{"start":{"line":95,"column":33},"end":{"line":97,"column":3}},"line":95},"10":{"name":"(anonymous_10)","decl":{"start":{"line":99,"column":22},"end":{"line":99,"column":23}},"loc":{"start":{"line":99,"column":37},"end":{"line":103,"column":3}},"line":99},"11":{"name":"(anonymous_11)","decl":{"start":{"line":105,"column":11},"end":{"line":105,"column":12}},"loc":{"start":{"line":105,"column":17},"end":{"line":136,"column":3}},"line":105},"12":{"name":"(anonymous_12)","decl":{"start":{"line":138,"column":16},"end":{"line":138,"column":17}},"loc":{"start":{"line":138,"column":24},"end":{"line":163,"column":3}},"line":138},"13":{"name":"(anonymous_13)","decl":{"start":{"line":165,"column":2},"end":{"line":165,"column":3}},"loc":{"start":{"line":165,"column":11},"end":{"line":227,"column":3}},"line":165},"14":{"name":"(anonymous_14)","decl":{"start":{"line":193,"column":23},"end":{"line":193,"column":24}},"loc":{"start":{"line":193,"column":28},"end":{"line":196,"column":15}},"line":193},"15":{"name":"(anonymous_15)","decl":{"start":{"line":222,"column":20},"end":{"line":222,"column":21}},"loc":{"start":{"line":222,"column":25},"end":{"line":222,"column":60}},"line":222},"16":{"name":"(anonymous_16)","decl":{"start":{"line":230,"column":27},"end":{"line":230,"column":28}},"loc":{"start":{"line":230,"column":36},"end":{"line":238,"column":1}},"line":230},"17":{"name":"(anonymous_17)","decl":{"start":{"line":240,"column":14},"end":{"line":240,"column":15}},"loc":{"start":{"line":240,"column":23},"end":{"line":274,"column":1}},"line":240},"18":{"name":"(anonymous_18)","decl":{"start":{"line":246,"column":12},"end":{"line":246,"column":13}},"loc":{"start":{"line":246,"column":18},"end":{"line":269,"column":3}},"line":246},"19":{"name":"getBase64","decl":{"start":{"line":247,"column":19},"end":{"line":247,"column":28}},"loc":{"start":{"line":247,"column":31},"end":{"line":266,"column":5}},"line":247},"20":{"name":"(anonymous_20)","decl":{"start":{"line":252,"column":49},"end":{"line":252,"column":50}},"loc":{"start":{"line":252,"column":60},"end":{"line":260,"column":11}},"line":252},"21":{"name":"(anonymous_21)","decl":{"start":{"line":253,"column":32},"end":{"line":253,"column":33}},"loc":{"start":{"line":253,"column":37},"end":{"line":258,"column":13}},"line":253},"22":{"name":"getBlockStyle","decl":{"start":{"line":286,"column":9},"end":{"line":286,"column":22}},"loc":{"start":{"line":286,"column":30},"end":{"line":293,"column":1}},"line":286},"23":{"name":"(anonymous_23)","decl":{"start":{"line":296,"column":2},"end":{"line":296,"column":3}},"loc":{"start":{"line":296,"column":16},"end":{"line":302,"column":3}},"line":296},"24":{"name":"(anonymous_24)","decl":{"start":{"line":298,"column":20},"end":{"line":298,"column":21}},"loc":{"start":{"line":298,"column":25},"end":{"line":301,"column":5}},"line":298},"25":{"name":"(anonymous_25)","decl":{"start":{"line":304,"column":2},"end":{"line":304,"column":3}},"loc":{"start":{"line":304,"column":11},"end":{"line":315,"column":3}},"line":304},"26":{"name":"(anonymous_26)","decl":{"start":{"line":331,"column":27},"end":{"line":331,"column":28}},"loc":{"start":{"line":331,"column":36},"end":{"line":352,"column":1}},"line":331},"27":{"name":"(anonymous_27)","decl":{"start":{"line":341,"column":23},"end":{"line":341,"column":24}},"loc":{"start":{"line":342,"column":8},"end":{"line":348,"column":10}},"line":342},"28":{"name":"(anonymous_28)","decl":{"start":{"line":361,"column":28},"end":{"line":361,"column":29}},"loc":{"start":{"line":361,"column":37},"end":{"line":376,"column":1}},"line":361},"29":{"name":"(anonymous_29)","decl":{"start":{"line":365,"column":25},"end":{"line":365,"column":26}},"loc":{"start":{"line":366,"column":8},"end":{"line":372,"column":10}},"line":366}},"branchMap":{"0":{"loc":{"start":{"line":27,"column":6},"end":{"line":28,"column":60}},"type":"binary-expr","locations":[{"start":{"line":27,"column":6},"end":{"line":27,"column":24}},{"start":{"line":28,"column":6},"end":{"line":28,"column":60}}],"line":27},"1":{"loc":{"start":{"line":53,"column":4},"end":{"line":57,"column":5}},"type":"if","locations":[{"start":{"line":53,"column":4},"end":{"line":57,"column":5}},{"start":{},"end":{}}],"line":53},"2":{"loc":{"start":{"line":74,"column":4},"end":{"line":77,"column":5}},"type":"if","locations":[{"start":{"line":74,"column":4},"end":{"line":77,"column":5}},{"start":{},"end":{}}],"line":74},"3":{"loc":{"start":{"line":74,"column":8},"end":{"line":74,"column":54}},"type":"binary-expr","locations":[{"start":{"line":74,"column":8},"end":{"line":74,"column":24}},{"start":{"line":74,"column":28},"end":{"line":74,"column":54}}],"line":74},"4":{"loc":{"start":{"line":80,"column":4},"end":{"line":90,"column":5}},"type":"if","locations":[{"start":{"line":80,"column":4},"end":{"line":90,"column":5}},{"start":{},"end":{}}],"line":80},"5":{"loc":{"start":{"line":80,"column":8},"end":{"line":80,"column":54}},"type":"binary-expr","locations":[{"start":{"line":80,"column":8},"end":{"line":80,"column":24}},{"start":{"line":80,"column":28},"end":{"line":80,"column":54}}],"line":80},"6":{"loc":{"start":{"line":172,"column":4},"end":{"line":176,"column":5}},"type":"if","locations":[{"start":{"line":172,"column":4},"end":{"line":176,"column":5}},{"start":{},"end":{}}],"line":172},"7":{"loc":{"start":{"line":173,"column":6},"end":{"line":175,"column":7}},"type":"if","locations":[{"start":{"line":173,"column":6},"end":{"line":175,"column":7}},{"start":{},"end":{}}],"line":173},"8":{"loc":{"start":{"line":231,"column":2},"end":{"line":236,"column":3}},"type":"if","locations":[{"start":{"line":231,"column":2},"end":{"line":236,"column":3}},{"start":{},"end":{}}],"line":231},"9":{"loc":{"start":{"line":248,"column":6},"end":{"line":265,"column":7}},"type":"if","locations":[{"start":{"line":248,"column":6},"end":{"line":265,"column":7}},{"start":{},"end":{}}],"line":248},"10":{"loc":{"start":{"line":248,"column":10},"end":{"line":248,"column":34}},"type":"binary-expr","locations":[{"start":{"line":248,"column":10},"end":{"line":248,"column":26}},{"start":{"line":248,"column":30},"end":{"line":248,"column":34}}],"line":248},"11":{"loc":{"start":{"line":249,"column":8},"end":{"line":264,"column":9}},"type":"if","locations":[{"start":{"line":249,"column":8},"end":{"line":264,"column":9}},{"start":{"line":262,"column":15},"end":{"line":264,"column":9}}],"line":249},"12":{"loc":{"start":{"line":255,"column":14},"end":{"line":257,"column":15}},"type":"if","locations":[{"start":{"line":255,"column":14},"end":{"line":257,"column":15}},{"start":{},"end":{}}],"line":255},"13":{"loc":{"start":{"line":262,"column":15},"end":{"line":264,"column":9}},"type":"if","locations":[{"start":{"line":262,"column":15},"end":{"line":264,"column":9}},{"start":{},"end":{}}],"line":262},"14":{"loc":{"start":{"line":262,"column":19},"end":{"line":262,"column":51}},"type":"binary-expr","locations":[{"start":{"line":262,"column":19},"end":{"line":262,"column":23}},{"start":{"line":262,"column":27},"end":{"line":262,"column":51}}],"line":262},"15":{"loc":{"start":{"line":271,"column":2},"end":{"line":271,"column":31}},"type":"if","locations":[{"start":{"line":271,"column":2},"end":{"line":271,"column":31}},{"start":{},"end":{}}],"line":271},"16":{"loc":{"start":{"line":287,"column":2},"end":{"line":292,"column":3}},"type":"switch","locations":[{"start":{"line":288,"column":4},"end":{"line":289,"column":36}},{"start":{"line":290,"column":4},"end":{"line":291,"column":17}}],"line":287},"17":{"loc":{"start":{"line":306,"column":4},"end":{"line":308,"column":5}},"type":"if","locations":[{"start":{"line":306,"column":4},"end":{"line":308,"column":5}},{"start":{},"end":{}}],"line":306}},"s":{"0":2,"1":2,"2":2,"3":2,"4":2,"5":2,"6":0,"7":0,"8":0,"9":0,"10":0,"11":0,"12":2,"13":0,"14":0,"15":2,"16":0,"17":0,"18":0,"19":0,"20":0,"21":0,"22":0,"23":0,"24":0,"25":0,"26":0,"27":0,"28":0,"29":0,"30":0,"31":0,"32":0,"33":0,"34":0,"35":0,"36":0,"37":0,"38":0,"39":0,"40":0,"41":0,"42":0,"43":0,"44":0,"45":0,"46":0,"47":0,"48":0,"49":0,"50":0,"51":0,"52":0,"53":0,"54":0,"55":0,"56":0,"57":0,"58":0,"59":0,"60":0,"61":0,"62":0,"63":0,"64":0,"65":0,"66":0,"67":0,"68":0,"69":0,"70":0,"71":0,"72":0,"73":0,"74":0,"75":0,"76":0,"77":0,"78":2,"79":0,"80":0,"81":0,"82":2,"83":0,"84":0,"85":0,"86":0,"87":0,"88":0,"89":0,"90":0,"91":0,"92":0,"93":0,"94":0,"95":0,"96":0,"97":0,"98":0,"99":0,"100":0,"101":0,"102":0,"103":0,"104":2,"105":0,"106":0,"107":0,"108":0,"109":0,"110":0,"111":0,"112":0,"113":0,"114":0,"115":0,"116":2,"117":2,"118":0,"119":0,"120":0,"121":0,"122":0,"123":2,"124":2,"125":0,"126":0,"127":0,"128":2},"f":{"0":0,"1":0,"2":0,"3":0,"4":0,"5":0,"6":0,"7":0,"8":0,"9":0,"10":0,"11":0,"12":0,"13":0,"14":0,"15":0,"16":0,"17":0,"18":0,"19":0,"20":0,"21":0,"22":0,"23":0,"24":0,"25":0,"26":0,"27":0,"28":0,"29":0},"b":{"0":[0,0],"1":[0,0],"2":[0,0],"3":[0,0],"4":[0,0],"5":[0,0],"6":[0,0],"7":[0,0],"8":[0,0],"9":[0,0],"10":[0,0],"11":[0,0],"12":[0,0],"13":[0,0],"14":[0,0],"15":[0,0],"16":[0,0],"17":[0,0]},"_coverageSchema":"1a1c01bbd47fc00a2c39e90264f33305004495a9","hash":"14bd317bc3d3e18d36d23b3cfec4ce3d9befb50d"}
,"/home/sergio/Projects/cucarachas/client/src/components/articleForm/index.tsx": {"path":"/home/sergio/Projects/cucarachas/client/src/components/articleForm/index.tsx","statementMap":{"0":{"start":{"line":3,"column":23},"end":{"line":3,"column":51}},"1":{"start":{"line":4,"column":17},"end":{"line":4,"column":49}},"2":{"start":{"line":8,"column":4},"end":{"line":8,"column":41}},"3":{"start":{"line":12,"column":4},"end":{"line":12,"column":43}},"4":{"start":{"line":21,"column":22},"end":{"line":21,"column":79}},"5":{"start":{"line":22,"column":22},"end":{"line":22,"column":79}},"6":{"start":{"line":23,"column":21},"end":{"line":23,"column":74}},"7":{"start":{"line":24,"column":21},"end":{"line":24,"column":74}},"8":{"start":{"line":26,"column":13},"end":{"line":29,"column":10}},"9":{"start":{"line":33,"column":26},"end":{"line":42,"column":1}},"10":{"start":{"line":34,"column":2},"end":{"line":41,"column":3}},"11":{"start":{"line":36,"column":6},"end":{"line":36,"column":26}},"12":{"start":{"line":38,"column":6},"end":{"line":38,"column":26}},"13":{"start":{"line":40,"column":6},"end":{"line":40,"column":26}},"14":{"start":{"line":44,"column":22},"end":{"line":53,"column":1}},"15":{"start":{"line":45,"column":2},"end":{"line":52,"column":3}},"16":{"start":{"line":47,"column":6},"end":{"line":47,"column":21}},"17":{"start":{"line":49,"column":6},"end":{"line":49,"column":21}},"18":{"start":{"line":51,"column":6},"end":{"line":51,"column":21}},"19":{"start":{"line":55,"column":28},"end":{"line":70,"column":1}},"20":{"start":{"line":62,"column":2},"end":{"line":69,"column":3}},"21":{"start":{"line":64,"column":6},"end":{"line":64,"column":17}},"22":{"start":{"line":66,"column":6},"end":{"line":66,"column":29}},"23":{"start":{"line":68,"column":6},"end":{"line":68,"column":17}},"24":{"start":{"line":72,"column":20},"end":{"line":155,"column":1}},"25":{"start":{"line":72,"column":43},"end":{"line":155,"column":1}},"26":{"start":{"line":73,"column":19},"end":{"line":73,"column":32}},"27":{"start":{"line":74,"column":18},"end":{"line":74,"column":66}},"28":{"start":{"line":74,"column":52},"end":{"line":74,"column":65}},"29":{"start":{"line":75,"column":18},"end":{"line":75,"column":74}},"30":{"start":{"line":75,"column":52},"end":{"line":75,"column":73}},"31":{"start":{"line":76,"column":28},"end":{"line":76,"column":48}},"32":{"start":{"line":77,"column":40},"end":{"line":77,"column":60}},"33":{"start":{"line":78,"column":32},"end":{"line":78,"column":58}},"34":{"start":{"line":79,"column":30},"end":{"line":79,"column":54}},"35":{"start":{"line":81,"column":2},"end":{"line":83,"column":8}},"36":{"start":{"line":82,"column":4},"end":{"line":82,"column":28}},"37":{"start":{"line":85,"column":2},"end":{"line":92,"column":21}},"38":{"start":{"line":86,"column":4},"end":{"line":91,"column":5}},"39":{"start":{"line":87,"column":45},"end":{"line":87,"column":52}},"40":{"start":{"line":88,"column":6},"end":{"line":88,"column":21}},"41":{"start":{"line":89,"column":6},"end":{"line":89,"column":33}},"42":{"start":{"line":90,"column":6},"end":{"line":90,"column":23}},"43":{"start":{"line":94,"column":21},"end":{"line":120,"column":3}},"44":{"start":{"line":95,"column":4},"end":{"line":95,"column":22}},"45":{"start":{"line":97,"column":4},"end":{"line":103,"column":5}},"46":{"start":{"line":98,"column":6},"end":{"line":102,"column":7}},"47":{"start":{"line":105,"column":72},"end":{"line":105,"column":80}},"48":{"start":{"line":106,"column":31},"end":{"line":106,"column":73}},"49":{"start":{"line":107,"column":27},"end":{"line":107,"column":50}},"50":{"start":{"line":108,"column":21},"end":{"line":118,"column":5}},"51":{"start":{"line":119,"column":4},"end":{"line":119,"column":44}},"52":{"start":{"line":119,"column":18},"end":{"line":119,"column":44}},"53":{"start":{"line":122,"column":2},"end":{"line":154,"column":3}},"54":{"start":{"line":129,"column":25},"end":{"line":129,"column":49}},"55":{"start":{"line":136,"column":25},"end":{"line":136,"column":55}},"56":{"start":{"line":157,"column":0},"end":{"line":160,"column":1}}},"fnMap":{"0":{"name":"(anonymous_0)","decl":{"start":{"line":33,"column":26},"end":{"line":33,"column":27}},"loc":{"start":{"line":33,"column":49},"end":{"line":42,"column":1}},"line":33},"1":{"name":"(anonymous_1)","decl":{"start":{"line":44,"column":22},"end":{"line":44,"column":23}},"loc":{"start":{"line":44,"column":45},"end":{"line":53,"column":1}},"line":44},"2":{"name":"(anonymous_2)","decl":{"start":{"line":55,"column":28},"end":{"line":55,"column":29}},"loc":{"start":{"line":61,"column":6},"end":{"line":70,"column":1}},"line":61},"3":{"name":"(anonymous_3)","decl":{"start":{"line":72,"column":20},"end":{"line":72,"column":21}},"loc":{"start":{"line":72,"column":43},"end":{"line":155,"column":1}},"line":72},"4":{"name":"(anonymous_4)","decl":{"start":{"line":72,"column":43},"end":{"line":72,"column":44}},"loc":{"start":{"line":72,"column":49},"end":{"line":155,"column":1}},"line":72},"5":{"name":"(anonymous_5)","decl":{"start":{"line":74,"column":30},"end":{"line":74,"column":31}},"loc":{"start":{"line":74,"column":52},"end":{"line":74,"column":65}},"line":74},"6":{"name":"(anonymous_6)","decl":{"start":{"line":75,"column":30},"end":{"line":75,"column":31}},"loc":{"start":{"line":75,"column":52},"end":{"line":75,"column":73}},"line":75},"7":{"name":"(anonymous_7)","decl":{"start":{"line":81,"column":12},"end":{"line":81,"column":13}},"loc":{"start":{"line":81,"column":18},"end":{"line":83,"column":3}},"line":81},"8":{"name":"(anonymous_8)","decl":{"start":{"line":85,"column":12},"end":{"line":85,"column":13}},"loc":{"start":{"line":85,"column":18},"end":{"line":92,"column":3}},"line":85},"9":{"name":"(anonymous_9)","decl":{"start":{"line":94,"column":21},"end":{"line":94,"column":22}},"loc":{"start":{"line":94,"column":50},"end":{"line":120,"column":3}},"line":94},"10":{"name":"(anonymous_10)","decl":{"start":{"line":129,"column":20},"end":{"line":129,"column":21}},"loc":{"start":{"line":129,"column":25},"end":{"line":129,"column":49}},"line":129},"11":{"name":"(anonymous_11)","decl":{"start":{"line":136,"column":20},"end":{"line":136,"column":21}},"loc":{"start":{"line":136,"column":25},"end":{"line":136,"column":55}},"line":136}},"branchMap":{"0":{"loc":{"start":{"line":34,"column":2},"end":{"line":41,"column":3}},"type":"switch","locations":[{"start":{"line":35,"column":4},"end":{"line":36,"column":26}},{"start":{"line":37,"column":4},"end":{"line":38,"column":26}},{"start":{"line":39,"column":4},"end":{"line":40,"column":26}}],"line":34},"1":{"loc":{"start":{"line":45,"column":2},"end":{"line":52,"column":3}},"type":"switch","locations":[{"start":{"line":46,"column":4},"end":{"line":47,"column":21}},{"start":{"line":48,"column":4},"end":{"line":49,"column":21}},{"start":{"line":50,"column":4},"end":{"line":51,"column":21}}],"line":45},"2":{"loc":{"start":{"line":62,"column":2},"end":{"line":69,"column":3}},"type":"switch","locations":[{"start":{"line":63,"column":4},"end":{"line":64,"column":17}},{"start":{"line":65,"column":4},"end":{"line":66,"column":29}},{"start":{"line":67,"column":4},"end":{"line":68,"column":17}}],"line":62},"3":{"loc":{"start":{"line":86,"column":4},"end":{"line":91,"column":5}},"type":"if","locations":[{"start":{"line":86,"column":4},"end":{"line":91,"column":5}},{"start":{},"end":{}}],"line":86},"4":{"loc":{"start":{"line":86,"column":8},"end":{"line":86,"column":37}},"type":"binary-expr","locations":[{"start":{"line":86,"column":8},"end":{"line":86,"column":15}},{"start":{"line":86,"column":19},"end":{"line":86,"column":37}}],"line":86},"5":{"loc":{"start":{"line":97,"column":4},"end":{"line":103,"column":5}},"type":"if","locations":[{"start":{"line":97,"column":4},"end":{"line":103,"column":5}},{"start":{},"end":{}}],"line":97},"6":{"loc":{"start":{"line":97,"column":8},"end":{"line":97,"column":42}},"type":"binary-expr","locations":[{"start":{"line":97,"column":8},"end":{"line":97,"column":14}},{"start":{"line":97,"column":18},"end":{"line":97,"column":30}},{"start":{"line":97,"column":34},"end":{"line":97,"column":42}}],"line":97},"7":{"loc":{"start":{"line":119,"column":4},"end":{"line":119,"column":44}},"type":"if","locations":[{"start":{"line":119,"column":4},"end":{"line":119,"column":44}},{"start":{},"end":{}}],"line":119},"8":{"loc":{"start":{"line":152,"column":7},"end":{"line":152,"column":74}},"type":"binary-expr","locations":[{"start":{"line":152,"column":7},"end":{"line":152,"column":16}},{"start":{"line":152,"column":20},"end":{"line":152,"column":74}}],"line":152}},"s":{"0":2,"1":2,"2":2,"3":2,"4":2,"5":2,"6":2,"7":2,"8":2,"9":2,"10":0,"11":0,"12":0,"13":0,"14":2,"15":0,"16":0,"17":0,"18":0,"19":2,"20":0,"21":0,"22":0,"23":0,"24":2,"25":4,"26":0,"27":0,"28":0,"29":0,"30":0,"31":0,"32":0,"33":0,"34":0,"35":0,"36":0,"37":0,"38":0,"39":0,"40":0,"41":0,"42":0,"43":0,"44":0,"45":0,"46":0,"47":0,"48":0,"49":0,"50":0,"51":0,"52":0,"53":0,"54":0,"55":0,"56":2},"f":{"0":0,"1":0,"2":0,"3":4,"4":0,"5":0,"6":0,"7":0,"8":0,"9":0,"10":0,"11":0},"b":{"0":[0,0,0],"1":[0,0,0],"2":[0,0,0],"3":[0,0],"4":[0,0],"5":[0,0],"6":[0,0,0],"7":[0,0],"8":[0,0]},"_coverageSchema":"1a1c01bbd47fc00a2c39e90264f33305004495a9","hash":"91b9030db98450c1bdcb9a1d508db58a489de1ec"}
,"/home/sergio/Projects/cucarachas/client/src/components/articleLoad/index.js": {"path":"/home/sergio/Projects/cucarachas/client/src/components/articleLoad/index.js","statementMap":{"0":{"start":{"line":4,"column":14},"end":{"line":4,"column":30}},"1":{"start":{"line":5,"column":32},"end":{"line":5,"column":48}},"2":{"start":{"line":6,"column":24},"end":{"line":6,"column":46}},"3":{"start":{"line":9,"column":4},"end":{"line":9,"column":41}},"4":{"start":{"line":15,"column":4},"end":{"line":15,"column":23}},"5":{"start":{"line":17,"column":13},"end":{"line":17,"column":63}},"6":{"start":{"line":19,"column":29},"end":{"line":30,"column":1}},"7":{"start":{"line":20,"column":14},"end":{"line":20,"column":32}},"8":{"start":{"line":21,"column":16},"end":{"line":21,"column":33}},"9":{"start":{"line":22,"column":18},"end":{"line":28,"column":11}},"10":{"start":{"line":23,"column":25},"end":{"line":26,"column":5}},"11":{"start":{"line":27,"column":4},"end":{"line":27,"column":30}},"12":{"start":{"line":29,"column":2},"end":{"line":29,"column":16}},"13":{"start":{"line":32,"column":26},"end":{"line":45,"column":1}},"14":{"start":{"line":33,"column":21},"end":{"line":33,"column":38}},"15":{"start":{"line":34,"column":2},"end":{"line":44,"column":4}},"16":{"start":{"line":35,"column":24},"end":{"line":35,"column":51}},"17":{"start":{"line":36,"column":20},"end":{"line":36,"column":43}},"18":{"start":{"line":37,"column":4},"end":{"line":43,"column":5}},"19":{"start":{"line":40,"column":27},"end":{"line":40,"column":55}},"20":{"start":{"line":41,"column":8},"end":{"line":41,"column":32}},"21":{"start":{"line":48,"column":19},"end":{"line":48,"column":32}},"22":{"start":{"line":49,"column":28},"end":{"line":49,"column":60}},"23":{"start":{"line":50,"column":40},"end":{"line":50,"column":78}},"24":{"start":{"line":51,"column":32},"end":{"line":51,"column":46}},"25":{"start":{"line":52,"column":30},"end":{"line":52,"column":45}},"26":{"start":{"line":54,"column":2},"end":{"line":69,"column":8}},"27":{"start":{"line":55,"column":20},"end":{"line":66,"column":6}},"28":{"start":{"line":56,"column":29},"end":{"line":56,"column":59}},"29":{"start":{"line":57,"column":27},"end":{"line":60,"column":7}},"30":{"start":{"line":61,"column":26},"end":{"line":61,"column":69}},"31":{"start":{"line":62,"column":6},"end":{"line":65,"column":7}},"32":{"start":{"line":68,"column":4},"end":{"line":68,"column":23}},"33":{"start":{"line":71,"column":21},"end":{"line":87,"column":3}},"34":{"start":{"line":72,"column":4},"end":{"line":72,"column":22}},"35":{"start":{"line":73,"column":4},"end":{"line":86,"column":5}},"36":{"start":{"line":74,"column":6},"end":{"line":83,"column":8}},"37":{"start":{"line":75,"column":8},"end":{"line":82,"column":9}},"38":{"start":{"line":85,"column":6},"end":{"line":85,"column":30}},"39":{"start":{"line":89,"column":2},"end":{"line":117,"column":3}},"40":{"start":{"line":95,"column":25},"end":{"line":95,"column":49}},"41":{"start":{"line":100,"column":25},"end":{"line":100,"column":55}},"42":{"start":{"line":112,"column":28},"end":{"line":112,"column":46}},"43":{"start":{"line":120,"column":0},"end":{"line":120,"column":28}}},"fnMap":{"0":{"name":"(anonymous_0)","decl":{"start":{"line":19,"column":29},"end":{"line":19,"column":30}},"loc":{"start":{"line":19,"column":35},"end":{"line":30,"column":1}},"line":19},"1":{"name":"(anonymous_1)","decl":{"start":{"line":22,"column":43},"end":{"line":22,"column":44}},"loc":{"start":{"line":22,"column":67},"end":{"line":28,"column":3}},"line":22},"2":{"name":"(anonymous_2)","decl":{"start":{"line":32,"column":26},"end":{"line":32,"column":27}},"loc":{"start":{"line":32,"column":32},"end":{"line":45,"column":1}},"line":32},"3":{"name":"(anonymous_3)","decl":{"start":{"line":34,"column":24},"end":{"line":34,"column":25}},"loc":{"start":{"line":34,"column":37},"end":{"line":44,"column":3}},"line":34},"4":{"name":"(anonymous_4)","decl":{"start":{"line":39,"column":40},"end":{"line":39,"column":41}},"loc":{"start":{"line":39,"column":58},"end":{"line":42,"column":7}},"line":39},"5":{"name":"articleLoad","decl":{"start":{"line":47,"column":9},"end":{"line":47,"column":20}},"loc":{"start":{"line":47,"column":23},"end":{"line":118,"column":1}},"line":47},"6":{"name":"(anonymous_6)","decl":{"start":{"line":54,"column":12},"end":{"line":54,"column":13}},"loc":{"start":{"line":54,"column":18},"end":{"line":69,"column":3}},"line":54},"7":{"name":"(anonymous_7)","decl":{"start":{"line":55,"column":44},"end":{"line":55,"column":45}},"loc":{"start":{"line":55,"column":74},"end":{"line":66,"column":5}},"line":55},"8":{"name":"(anonymous_8)","decl":{"start":{"line":71,"column":21},"end":{"line":71,"column":22}},"loc":{"start":{"line":71,"column":32},"end":{"line":87,"column":3}},"line":71},"9":{"name":"(anonymous_9)","decl":{"start":{"line":74,"column":22},"end":{"line":74,"column":23}},"loc":{"start":{"line":74,"column":46},"end":{"line":83,"column":7}},"line":74},"10":{"name":"(anonymous_10)","decl":{"start":{"line":95,"column":20},"end":{"line":95,"column":21}},"loc":{"start":{"line":95,"column":25},"end":{"line":95,"column":49}},"line":95},"11":{"name":"(anonymous_11)","decl":{"start":{"line":100,"column":20},"end":{"line":100,"column":21}},"loc":{"start":{"line":100,"column":25},"end":{"line":100,"column":55}},"line":100},"12":{"name":"(anonymous_12)","decl":{"start":{"line":112,"column":22},"end":{"line":112,"column":23}},"loc":{"start":{"line":112,"column":28},"end":{"line":112,"column":46}},"line":112}},"branchMap":{},"s":{"0":2,"1":2,"2":2,"3":2,"4":2,"5":2,"6":2,"7":0,"8":0,"9":0,"10":0,"11":0,"12":0,"13":2,"14":0,"15":0,"16":0,"17":0,"18":0,"19":0,"20":0,"21":0,"22":0,"23":0,"24":0,"25":0,"26":0,"27":0,"28":0,"29":0,"30":0,"31":0,"32":0,"33":0,"34":0,"35":0,"36":0,"37":0,"38":0,"39":0,"40":0,"41":0,"42":0,"43":2},"f":{"0":0,"1":0,"2":0,"3":0,"4":0,"5":0,"6":0,"7":0,"8":0,"9":0,"10":0,"11":0,"12":0},"b":{},"_coverageSchema":"1a1c01bbd47fc00a2c39e90264f33305004495a9","hash":"f9f438238a228e477ca52820b87be2663c41e2cf"}
,"/home/sergio/Projects/cucarachas/client/src/components/articles/index.tsx": {"path":"/home/sergio/Projects/cucarachas/client/src/components/articles/index.tsx","statementMap":{"0":{"start":{"line":2,"column":10},"end":{"line":2,"column":27}},"1":{"start":{"line":8,"column":13},"end":{"line":8,"column":40}},"2":{"start":{"line":9,"column":17},"end":{"line":9,"column":49}},"3":{"start":{"line":10,"column":18},"end":{"line":10,"column":51}},"4":{"start":{"line":11,"column":34},"end":{"line":11,"column":71}},"5":{"start":{"line":13,"column":21},"end":{"line":13,"column":74}},"6":{"start":{"line":15,"column":17},"end":{"line":67,"column":1}},"7":{"start":{"line":16,"column":16},"end":{"line":16,"column":17}},"8":{"start":{"line":17,"column":19},"end":{"line":17,"column":32}},"9":{"start":{"line":18,"column":38},"end":{"line":18,"column":58}},"10":{"start":{"line":19,"column":19},"end":{"line":19,"column":68}},"11":{"start":{"line":19,"column":53},"end":{"line":19,"column":67}},"12":{"start":{"line":21,"column":27},"end":{"line":30,"column":3}},"13":{"start":{"line":28,"column":72},"end":{"line":28,"column":80}},"14":{"start":{"line":29,"column":4},"end":{"line":29,"column":72}},"15":{"start":{"line":32,"column":17},"end":{"line":35,"column":3}},"16":{"start":{"line":33,"column":4},"end":{"line":33,"column":39}},"17":{"start":{"line":34,"column":4},"end":{"line":34,"column":23}},"18":{"start":{"line":37,"column":26},"end":{"line":40,"column":3}},"19":{"start":{"line":38,"column":4},"end":{"line":38,"column":43}},"20":{"start":{"line":39,"column":4},"end":{"line":39,"column":21}},"21":{"start":{"line":42,"column":16},"end":{"line":53,"column":3}},"22":{"start":{"line":43,"column":4},"end":{"line":51,"column":5}},"23":{"start":{"line":44,"column":6},"end":{"line":50,"column":7}},"24":{"start":{"line":47,"column":12},"end":{"line":47,"column":56}},"25":{"start":{"line":52,"column":4},"end":{"line":52,"column":77}},"26":{"start":{"line":55,"column":2},"end":{"line":66,"column":3}},"27":{"start":{"line":61,"column":10},"end":{"line":61,"column":54}},"28":{"start":{"line":69,"column":0},"end":{"line":69,"column":25}}},"fnMap":{"0":{"name":"(anonymous_0)","decl":{"start":{"line":15,"column":17},"end":{"line":15,"column":18}},"loc":{"start":{"line":15,"column":23},"end":{"line":67,"column":1}},"line":15},"1":{"name":"(anonymous_1)","decl":{"start":{"line":19,"column":31},"end":{"line":19,"column":32}},"loc":{"start":{"line":19,"column":53},"end":{"line":19,"column":67}},"line":19},"2":{"name":"(anonymous_2)","decl":{"start":{"line":21,"column":27},"end":{"line":21,"column":28}},"loc":{"start":{"line":27,"column":14},"end":{"line":30,"column":3}},"line":27},"3":{"name":"(anonymous_3)","decl":{"start":{"line":32,"column":17},"end":{"line":32,"column":18}},"loc":{"start":{"line":32,"column":41},"end":{"line":35,"column":3}},"line":32},"4":{"name":"(anonymous_4)","decl":{"start":{"line":37,"column":26},"end":{"line":37,"column":27}},"loc":{"start":{"line":37,"column":32},"end":{"line":40,"column":3}},"line":37},"5":{"name":"(anonymous_5)","decl":{"start":{"line":42,"column":16},"end":{"line":42,"column":17}},"loc":{"start":{"line":42,"column":22},"end":{"line":53,"column":3}},"line":42},"6":{"name":"(anonymous_6)","decl":{"start":{"line":46,"column":34},"end":{"line":46,"column":35}},"loc":{"start":{"line":47,"column":12},"end":{"line":47,"column":56}},"line":47},"7":{"name":"(anonymous_7)","decl":{"start":{"line":60,"column":19},"end":{"line":60,"column":20}},"loc":{"start":{"line":61,"column":10},"end":{"line":61,"column":54}},"line":61}},"branchMap":{"0":{"loc":{"start":{"line":43,"column":4},"end":{"line":51,"column":5}},"type":"if","locations":[{"start":{"line":43,"column":4},"end":{"line":51,"column":5}},{"start":{},"end":{}}],"line":43},"1":{"loc":{"start":{"line":43,"column":8},"end":{"line":43,"column":61}},"type":"binary-expr","locations":[{"start":{"line":43,"column":8},"end":{"line":43,"column":28}},{"start":{"line":43,"column":32},"end":{"line":43,"column":61}}],"line":43}},"s":{"0":2,"1":2,"2":2,"3":2,"4":2,"5":2,"6":2,"7":3,"8":3,"9":3,"10":3,"11":3,"12":3,"13":0,"14":0,"15":3,"16":0,"17":0,"18":3,"19":0,"20":0,"21":3,"22":3,"23":2,"24":12,"25":1,"26":3,"27":0,"28":2},"f":{"0":3,"1":3,"2":0,"3":0,"4":0,"5":3,"6":12,"7":0},"b":{"0":[2,1],"1":[3,2]},"_coverageSchema":"1a1c01bbd47fc00a2c39e90264f33305004495a9","hash":"41a819016f81b021694c9b98778fc9e9b03df531"}
,"/home/sergio/Projects/cucarachas/client/src/components/articles/card/index.tsx": {"path":"/home/sergio/Projects/cucarachas/client/src/components/articles/card/index.tsx","statementMap":{"0":{"start":{"line":5,"column":16},"end":{"line":5,"column":50}},"1":{"start":{"line":7,"column":13},"end":{"line":26,"column":1}},"2":{"start":{"line":8,"column":2},"end":{"line":8,"column":27}},"3":{"start":{"line":8,"column":16},"end":{"line":8,"column":27}},"4":{"start":{"line":10,"column":20},"end":{"line":10,"column":37}},"5":{"start":{"line":12,"column":2},"end":{"line":25,"column":3}},"6":{"start":{"line":28,"column":0},"end":{"line":28,"column":21}}},"fnMap":{"0":{"name":"(anonymous_0)","decl":{"start":{"line":7,"column":13},"end":{"line":7,"column":14}},"loc":{"start":{"line":7,"column":52},"end":{"line":26,"column":1}},"line":7}},"branchMap":{"0":{"loc":{"start":{"line":8,"column":2},"end":{"line":8,"column":27}},"type":"if","locations":[{"start":{"line":8,"column":2},"end":{"line":8,"column":27}},{"start":{},"end":{}}],"line":8}},"s":{"0":2,"1":2,"2":12,"3":0,"4":12,"5":12,"6":2},"f":{"0":12},"b":{"0":[0,12]},"_coverageSchema":"1a1c01bbd47fc00a2c39e90264f33305004495a9","hash":"280a5614b9a64d520701e4ecfdc67fa321377f86"}
,"/home/sergio/Projects/cucarachas/client/src/components/checkbox/index.tsx": {"path":"/home/sergio/Projects/cucarachas/client/src/components/checkbox/index.tsx","statementMap":{"0":{"start":{"line":9,"column":17},"end":{"line":22,"column":1}},"1":{"start":{"line":10,"column":2},"end":{"line":21,"column":3}},"2":{"start":{"line":16,"column":24},"end":{"line":16,"column":42}},"3":{"start":{"line":24,"column":0},"end":{"line":24,"column":25}}},"fnMap":{"0":{"name":"(anonymous_0)","decl":{"start":{"line":9,"column":17},"end":{"line":9,"column":18}},"loc":{"start":{"line":9,"column":65},"end":{"line":22,"column":1}},"line":9},"1":{"name":"(anonymous_1)","decl":{"start":{"line":16,"column":18},"end":{"line":16,"column":19}},"loc":{"start":{"line":16,"column":24},"end":{"line":16,"column":42}},"line":16}},"branchMap":{"0":{"loc":{"start":{"line":9,"column":36},"end":{"line":9,"column":51}},"type":"default-arg","locations":[{"start":{"line":9,"column":46},"end":{"line":9,"column":51}}],"line":9}},"s":{"0":2,"1":0,"2":0,"3":2},"f":{"0":0,"1":0},"b":{"0":[0]},"_coverageSchema":"1a1c01bbd47fc00a2c39e90264f33305004495a9","hash":"d4784ee7678afb953ca9f9449f09115e9ca81b00"}
,"/home/sergio/Projects/cucarachas/client/src/components/comments/index.tsx": {"path":"/home/sergio/Projects/cucarachas/client/src/components/comments/index.tsx","statementMap":{"0":{"start":{"line":1,"column":14},"end":{"line":1,"column":30}},"1":{"start":{"line":2,"column":23},"end":{"line":2,"column":53}},"2":{"start":{"line":4,"column":17},"end":{"line":14,"column":1}},"3":{"start":{"line":5,"column":2},"end":{"line":13,"column":3}},"4":{"start":{"line":9,"column":8},"end":{"line":9,"column":62}},"5":{"start":{"line":16,"column":0},"end":{"line":16,"column":25}}},"fnMap":{"0":{"name":"(anonymous_0)","decl":{"start":{"line":4,"column":17},"end":{"line":4,"column":18}},"loc":{"start":{"line":4,"column":51},"end":{"line":14,"column":1}},"line":4},"1":{"name":"(anonymous_1)","decl":{"start":{"line":8,"column":20},"end":{"line":8,"column":21}},"loc":{"start":{"line":9,"column":8},"end":{"line":9,"column":62}},"line":9}},"branchMap":{},"s":{"0":2,"1":2,"2":2,"3":0,"4":0,"5":2},"f":{"0":0,"1":0},"b":{},"_coverageSchema":"1a1c01bbd47fc00a2c39e90264f33305004495a9","hash":"00af583f51778d7fa3e45692bb583995d04ff0c8"}
,"/home/sergio/Projects/cucarachas/client/src/components/comments/comment/index.tsx": {"path":"/home/sergio/Projects/cucarachas/client/src/components/comments/comment/index.tsx","statementMap":{"0":{"start":{"line":8,"column":34},"end":{"line":8,"column":74}},"1":{"start":{"line":10,"column":22},"end":{"line":10,"column":79}},"2":{"start":{"line":12,"column":16},"end":{"line":64,"column":1}},"3":{"start":{"line":19,"column":19},"end":{"line":19,"column":32}},"4":{"start":{"line":20,"column":28},"end":{"line":20,"column":68}},"5":{"start":{"line":21,"column":32},"end":{"line":21,"column":52}},"6":{"start":{"line":22,"column":46},"end":{"line":22,"column":48}},"7":{"start":{"line":24,"column":2},"end":{"line":26,"column":4}},"8":{"start":{"line":25,"column":4},"end":{"line":25,"column":74}},"9":{"start":{"line":25,"column":50},"end":{"line":25,"column":73}},"10":{"start":{"line":28,"column":19},"end":{"line":31,"column":3}},"11":{"start":{"line":29,"column":18},"end":{"line":29,"column":54}},"12":{"start":{"line":30,"column":4},"end":{"line":30,"column":19}},"13":{"start":{"line":33,"column":19},"end":{"line":42,"column":3}},"14":{"start":{"line":34,"column":72},"end":{"line":34,"column":80}},"15":{"start":{"line":35,"column":21},"end":{"line":37,"column":5}},"16":{"start":{"line":38,"column":4},"end":{"line":38,"column":32}},"17":{"start":{"line":39,"column":4},"end":{"line":39,"column":16}},"18":{"start":{"line":40,"column":36},"end":{"line":40,"column":74}},"19":{"start":{"line":40,"column":53},"end":{"line":40,"column":67}},"20":{"start":{"line":41,"column":4},"end":{"line":41,"column":35}},"21":{"start":{"line":44,"column":2},"end":{"line":63,"column":3}},"22":{"start":{"line":66,"column":0},"end":{"line":66,"column":24}}},"fnMap":{"0":{"name":"(anonymous_0)","decl":{"start":{"line":12,"column":16},"end":{"line":12,"column":17}},"loc":{"start":{"line":18,"column":6},"end":{"line":64,"column":1}},"line":18},"1":{"name":"(anonymous_1)","decl":{"start":{"line":24,"column":12},"end":{"line":24,"column":13}},"loc":{"start":{"line":24,"column":18},"end":{"line":26,"column":3}},"line":24},"2":{"name":"(anonymous_2)","decl":{"start":{"line":25,"column":37},"end":{"line":25,"column":38}},"loc":{"start":{"line":25,"column":50},"end":{"line":25,"column":73}},"line":25},"3":{"name":"(anonymous_3)","decl":{"start":{"line":28,"column":19},"end":{"line":28,"column":20}},"loc":{"start":{"line":28,"column":42},"end":{"line":31,"column":3}},"line":28},"4":{"name":"(anonymous_4)","decl":{"start":{"line":33,"column":19},"end":{"line":33,"column":20}},"loc":{"start":{"line":33,"column":31},"end":{"line":42,"column":3}},"line":33},"5":{"name":"(anonymous_5)","decl":{"start":{"line":40,"column":47},"end":{"line":40,"column":48}},"loc":{"start":{"line":40,"column":53},"end":{"line":40,"column":67}},"line":40}},"branchMap":{"0":{"loc":{"start":{"line":20,"column":45},"end":{"line":20,"column":67}},"type":"binary-expr","locations":[{"start":{"line":20,"column":45},"end":{"line":20,"column":61}},{"start":{"line":20,"column":65},"end":{"line":20,"column":67}}],"line":20},"1":{"loc":{"start":{"line":54,"column":7},"end":{"line":54,"column":67}},"type":"binary-expr","locations":[{"start":{"line":54,"column":7},"end":{"line":54,"column":14}},{"start":{"line":54,"column":18},"end":{"line":54,"column":67}}],"line":54},"2":{"loc":{"start":{"line":55,"column":7},"end":{"line":61,"column":7}},"type":"binary-expr","locations":[{"start":{"line":55,"column":7},"end":{"line":55,"column":15}},{"start":{"line":56,"column":8},"end":{"line":60,"column":14}}],"line":55}},"s":{"0":2,"1":2,"2":2,"3":0,"4":0,"5":0,"6":0,"7":0,"8":0,"9":0,"10":0,"11":0,"12":0,"13":0,"14":0,"15":0,"16":0,"17":0,"18":0,"19":0,"20":0,"21":0,"22":2},"f":{"0":0,"1":0,"2":0,"3":0,"4":0,"5":0},"b":{"0":[0,0],"1":[0,0],"2":[0,0]},"_coverageSchema":"1a1c01bbd47fc00a2c39e90264f33305004495a9","hash":"bfc971b4f509ebf3e0d6fc80bbd16081bbf30fc9"}
,"/home/sergio/Projects/cucarachas/client/src/components/footer/index.tsx": {"path":"/home/sergio/Projects/cucarachas/client/src/components/footer/index.tsx","statementMap":{"0":{"start":{"line":3,"column":15},"end":{"line":5,"column":1}},"1":{"start":{"line":4,"column":2},"end":{"line":4,"column":38}},"2":{"start":{"line":7,"column":0},"end":{"line":7,"column":23}}},"fnMap":{"0":{"name":"(anonymous_0)","decl":{"start":{"line":3,"column":15},"end":{"line":3,"column":16}},"loc":{"start":{"line":3,"column":21},"end":{"line":5,"column":1}},"line":3}},"branchMap":{},"s":{"0":2,"1":1,"2":2},"f":{"0":1},"b":{},"_coverageSchema":"1a1c01bbd47fc00a2c39e90264f33305004495a9","hash":"5b1af810cb95c0a142d222cf4651f2d42058bb49"}
,"/home/sergio/Projects/cucarachas/client/src/components/header/index.tsx": {"path":"/home/sergio/Projects/cucarachas/client/src/components/header/index.tsx","statementMap":{"0":{"start":{"line":7,"column":22},"end":{"line":7,"column":54}},"1":{"start":{"line":8,"column":16},"end":{"line":8,"column":55}},"2":{"start":{"line":9,"column":28},"end":{"line":9,"column":65}},"3":{"start":{"line":10,"column":16},"end":{"line":10,"column":46}},"4":{"start":{"line":11,"column":15},"end":{"line":11,"column":47}},"5":{"start":{"line":13,"column":18},"end":{"line":13,"column":45}},"6":{"start":{"line":14,"column":15},"end":{"line":14,"column":66}},"7":{"start":{"line":16,"column":15},"end":{"line":55,"column":1}},"8":{"start":{"line":17,"column":19},"end":{"line":17,"column":32}},"9":{"start":{"line":18,"column":17},"end":{"line":18,"column":64}},"10":{"start":{"line":18,"column":51},"end":{"line":18,"column":63}},"11":{"start":{"line":20,"column":2},"end":{"line":23,"column":14}},"12":{"start":{"line":21,"column":19},"end":{"line":21,"column":30}},"13":{"start":{"line":22,"column":4},"end":{"line":22,"column":41}},"14":{"start":{"line":22,"column":16},"end":{"line":22,"column":41}},"15":{"start":{"line":25,"column":21},"end":{"line":27,"column":3}},"16":{"start":{"line":26,"column":4},"end":{"line":26,"column":22}},"17":{"start":{"line":29,"column":2},"end":{"line":54,"column":3}},"18":{"start":{"line":57,"column":0},"end":{"line":57,"column":23}}},"fnMap":{"0":{"name":"(anonymous_0)","decl":{"start":{"line":16,"column":15},"end":{"line":16,"column":16}},"loc":{"start":{"line":16,"column":21},"end":{"line":55,"column":1}},"line":16},"1":{"name":"(anonymous_1)","decl":{"start":{"line":18,"column":29},"end":{"line":18,"column":30}},"loc":{"start":{"line":18,"column":51},"end":{"line":18,"column":63}},"line":18},"2":{"name":"(anonymous_2)","decl":{"start":{"line":20,"column":12},"end":{"line":20,"column":13}},"loc":{"start":{"line":20,"column":18},"end":{"line":23,"column":3}},"line":20},"3":{"name":"(anonymous_3)","decl":{"start":{"line":25,"column":21},"end":{"line":25,"column":22}},"loc":{"start":{"line":25,"column":27},"end":{"line":27,"column":3}},"line":25}},"branchMap":{"0":{"loc":{"start":{"line":22,"column":4},"end":{"line":22,"column":41}},"type":"if","locations":[{"start":{"line":22,"column":4},"end":{"line":22,"column":41}},{"start":{},"end":{}}],"line":22},"1":{"loc":{"start":{"line":42,"column":11},"end":{"line":42,"column":59}},"type":"binary-expr","locations":[{"start":{"line":42,"column":11},"end":{"line":42,"column":18}},{"start":{"line":42,"column":22},"end":{"line":42,"column":59}}],"line":42},"2":{"loc":{"start":{"line":43,"column":11},"end":{"line":43,"column":63}},"type":"binary-expr","locations":[{"start":{"line":43,"column":11},"end":{"line":43,"column":17}},{"start":{"line":43,"column":21},"end":{"line":43,"column":63}}],"line":43},"3":{"loc":{"start":{"line":44,"column":11},"end":{"line":50,"column":11}},"type":"binary-expr","locations":[{"start":{"line":44,"column":11},"end":{"line":44,"column":17}},{"start":{"line":45,"column":12},"end":{"line":49,"column":22}}],"line":44}},"s":{"0":2,"1":2,"2":2,"3":2,"4":2,"5":2,"6":2,"7":2,"8":0,"9":0,"10":0,"11":0,"12":0,"13":0,"14":0,"15":0,"16":0,"17":0,"18":2},"f":{"0":0,"1":0,"2":0,"3":0},"b":{"0":[0,0],"1":[0,0],"2":[0,0],"3":[0,0]},"_coverageSchema":"1a1c01bbd47fc00a2c39e90264f33305004495a9","hash":"539e3cd3dd52f6ab072417fd1c267a10804cd34a"}
,"/home/sergio/Projects/cucarachas/client/src/components/header/navItem/index.tsx": {"path":"/home/sergio/Projects/cucarachas/client/src/components/header/navItem/index.tsx","statementMap":{"0":{"start":{"line":10,"column":16},"end":{"line":16,"column":1}},"1":{"start":{"line":11,"column":2},"end":{"line":15,"column":3}},"2":{"start":{"line":18,"column":0},"end":{"line":18,"column":24}}},"fnMap":{"0":{"name":"(anonymous_0)","decl":{"start":{"line":10,"column":16},"end":{"line":10,"column":17}},"loc":{"start":{"line":10,"column":64},"end":{"line":16,"column":1}},"line":10}},"branchMap":{"0":{"loc":{"start":{"line":13,"column":7},"end":{"line":13,"column":48}},"type":"binary-expr","locations":[{"start":{"line":13,"column":7},"end":{"line":13,"column":15}},{"start":{"line":13,"column":19},"end":{"line":13,"column":48}}],"line":13}},"s":{"0":2,"1":0,"2":2},"f":{"0":0},"b":{"0":[0,0]},"_coverageSchema":"1a1c01bbd47fc00a2c39e90264f33305004495a9","hash":"fa7d4e82ac86ed9909f1b28cdfc1e24cbdd62b6f"}
,"/home/sergio/Projects/cucarachas/client/src/components/loginForm/index.tsx": {"path":"/home/sergio/Projects/cucarachas/client/src/components/loginForm/index.tsx","statementMap":{"0":{"start":{"line":6,"column":28},"end":{"line":6,"column":65}},"1":{"start":{"line":7,"column":16},"end":{"line":7,"column":55}},"2":{"start":{"line":9,"column":14},"end":{"line":9,"column":63}},"3":{"start":{"line":10,"column":21},"end":{"line":10,"column":51}},"4":{"start":{"line":13,"column":19},"end":{"line":13,"column":32}},"5":{"start":{"line":14,"column":26},"end":{"line":14,"column":46}},"6":{"start":{"line":15,"column":34},"end":{"line":15,"column":54}},"7":{"start":{"line":16,"column":18},"end":{"line":16,"column":71}},"8":{"start":{"line":16,"column":52},"end":{"line":16,"column":70}},"9":{"start":{"line":18,"column":2},"end":{"line":20,"column":8}},"10":{"start":{"line":19,"column":4},"end":{"line":19,"column":28}},"11":{"start":{"line":22,"column":21},"end":{"line":25,"column":3}},"12":{"start":{"line":23,"column":4},"end":{"line":23,"column":22}},"13":{"start":{"line":24,"column":4},"end":{"line":24,"column":49}},"14":{"start":{"line":27,"column":2},"end":{"line":55,"column":3}},"15":{"start":{"line":35,"column":25},"end":{"line":35,"column":48}},"16":{"start":{"line":42,"column":25},"end":{"line":42,"column":52}},"17":{"start":{"line":58,"column":0},"end":{"line":58,"column":26}}},"fnMap":{"0":{"name":"loginForm","decl":{"start":{"line":12,"column":9},"end":{"line":12,"column":18}},"loc":{"start":{"line":12,"column":21},"end":{"line":56,"column":1}},"line":12},"1":{"name":"(anonymous_1)","decl":{"start":{"line":16,"column":30},"end":{"line":16,"column":31}},"loc":{"start":{"line":16,"column":52},"end":{"line":16,"column":70}},"line":16},"2":{"name":"(anonymous_2)","decl":{"start":{"line":18,"column":12},"end":{"line":18,"column":13}},"loc":{"start":{"line":18,"column":18},"end":{"line":20,"column":3}},"line":18},"3":{"name":"(anonymous_3)","decl":{"start":{"line":22,"column":21},"end":{"line":22,"column":22}},"loc":{"start":{"line":22,"column":50},"end":{"line":25,"column":3}},"line":22},"4":{"name":"(anonymous_4)","decl":{"start":{"line":35,"column":20},"end":{"line":35,"column":21}},"loc":{"start":{"line":35,"column":25},"end":{"line":35,"column":48}},"line":35},"5":{"name":"(anonymous_5)","decl":{"start":{"line":42,"column":20},"end":{"line":42,"column":21}},"loc":{"start":{"line":42,"column":25},"end":{"line":42,"column":52}},"line":42}},"branchMap":{"0":{"loc":{"start":{"line":48,"column":9},"end":{"line":52,"column":9}},"type":"binary-expr","locations":[{"start":{"line":48,"column":9},"end":{"line":48,"column":18}},{"start":{"line":49,"column":10},"end":{"line":51,"column":16}}],"line":48}},"s":{"0":2,"1":2,"2":2,"3":2,"4":0,"5":0,"6":0,"7":0,"8":0,"9":0,"10":0,"11":0,"12":0,"13":0,"14":0,"15":0,"16":0,"17":2},"f":{"0":0,"1":0,"2":0,"3":0,"4":0,"5":0},"b":{"0":[0,0]},"_coverageSchema":"1a1c01bbd47fc00a2c39e90264f33305004495a9","hash":"a1361b8785085ffecd1c39403268b15daed4faef"}
,"/home/sergio/Projects/cucarachas/client/src/components/mainFrame/index.tsx": {"path":"/home/sergio/Projects/cucarachas/client/src/components/mainFrame/index.tsx","statementMap":{"0":{"start":{"line":2,"column":18},"end":{"line":4,"column":1}},"1":{"start":{"line":3,"column":2},"end":{"line":3,"column":53}},"2":{"start":{"line":6,"column":0},"end":{"line":6,"column":26}}},"fnMap":{"0":{"name":"(anonymous_0)","decl":{"start":{"line":2,"column":18},"end":{"line":2,"column":19}},"loc":{"start":{"line":2,"column":63},"end":{"line":4,"column":1}},"line":2}},"branchMap":{},"s":{"0":2,"1":0,"2":2},"f":{"0":0},"b":{},"_coverageSchema":"1a1c01bbd47fc00a2c39e90264f33305004495a9","hash":"fe4cf92f0d6c198a302279023c79eb60e31fc935"}
,"/home/sergio/Projects/cucarachas/client/src/components/paginator/index.tsx": {"path":"/home/sergio/Projects/cucarachas/client/src/components/paginator/index.tsx","statementMap":{"0":{"start":{"line":10,"column":18},"end":{"line":43,"column":1}},"1":{"start":{"line":11,"column":42},"end":{"line":13,"column":4}},"2":{"start":{"line":12,"column":4},"end":{"line":12,"column":30}},"3":{"start":{"line":15,"column":24},"end":{"line":15,"column":46}},"4":{"start":{"line":16,"column":24},"end":{"line":16,"column":57}},"5":{"start":{"line":18,"column":20},"end":{"line":18,"column":96}},"6":{"start":{"line":20,"column":2},"end":{"line":42,"column":3}},"7":{"start":{"line":24,"column":32},"end":{"line":24,"column":55}},"8":{"start":{"line":25,"column":27},"end":{"line":25,"column":46}},"9":{"start":{"line":26,"column":10},"end":{"line":27,"column":75}},"10":{"start":{"line":27,"column":12},"end":{"line":27,"column":75}},"11":{"start":{"line":28,"column":10},"end":{"line":36,"column":11}},"12":{"start":{"line":32,"column":29},"end":{"line":32,"column":54}},"13":{"start":{"line":45,"column":0},"end":{"line":45,"column":26}}},"fnMap":{"0":{"name":"(anonymous_0)","decl":{"start":{"line":10,"column":18},"end":{"line":10,"column":19}},"loc":{"start":{"line":10,"column":51},"end":{"line":43,"column":1}},"line":10},"1":{"name":"(anonymous_1)","decl":{"start":{"line":11,"column":54},"end":{"line":11,"column":55}},"loc":{"start":{"line":11,"column":76},"end":{"line":13,"column":3}},"line":11},"2":{"name":"(anonymous_2)","decl":{"start":{"line":23,"column":50},"end":{"line":23,"column":51}},"loc":{"start":{"line":23,"column":64},"end":{"line":37,"column":9}},"line":23},"3":{"name":"(anonymous_3)","decl":{"start":{"line":32,"column":23},"end":{"line":32,"column":24}},"loc":{"start":{"line":32,"column":29},"end":{"line":32,"column":54}},"line":32}},"branchMap":{"0":{"loc":{"start":{"line":26,"column":10},"end":{"line":27,"column":75}},"type":"if","locations":[{"start":{"line":26,"column":10},"end":{"line":27,"column":75}},{"start":{},"end":{}}],"line":26}},"s":{"0":2,"1":3,"2":3,"3":3,"4":3,"5":3,"6":3,"7":5,"8":5,"9":5,"10":2,"11":5,"12":0,"13":2},"f":{"0":3,"1":3,"2":5,"3":0},"b":{"0":[2,3]},"_coverageSchema":"1a1c01bbd47fc00a2c39e90264f33305004495a9","hash":"80c22f7a9a0ffa9c45a349356660275b8c27b307"}
,"/home/sergio/Projects/cucarachas/client/src/components/searcher/index.tsx": {"path":"/home/sergio/Projects/cucarachas/client/src/components/searcher/index.tsx","statementMap":{"0":{"start":{"line":8,"column":17},"end":{"line":50,"column":1}},"1":{"start":{"line":9,"column":26},"end":{"line":9,"column":38}},"2":{"start":{"line":11,"column":17},"end":{"line":14,"column":3}},"3":{"start":{"line":12,"column":4},"end":{"line":12,"column":22}},"4":{"start":{"line":13,"column":4},"end":{"line":13,"column":16}},"5":{"start":{"line":16,"column":2},"end":{"line":49,"column":3}},"6":{"start":{"line":21,"column":10},"end":{"line":21,"column":22}},"7":{"start":{"line":33,"column":12},"end":{"line":33,"column":36}},"8":{"start":{"line":42,"column":10},"end":{"line":42,"column":21}},"9":{"start":{"line":43,"column":10},"end":{"line":43,"column":17}},"10":{"start":{"line":52,"column":0},"end":{"line":52,"column":25}}},"fnMap":{"0":{"name":"(anonymous_0)","decl":{"start":{"line":8,"column":17},"end":{"line":8,"column":18}},"loc":{"start":{"line":8,"column":47},"end":{"line":50,"column":1}},"line":8},"1":{"name":"(anonymous_1)","decl":{"start":{"line":11,"column":17},"end":{"line":11,"column":18}},"loc":{"start":{"line":11,"column":40},"end":{"line":14,"column":3}},"line":11},"2":{"name":"(anonymous_2)","decl":{"start":{"line":20,"column":17},"end":{"line":20,"column":18}},"loc":{"start":{"line":20,"column":23},"end":{"line":22,"column":9}},"line":20},"3":{"name":"(anonymous_3)","decl":{"start":{"line":32,"column":20},"end":{"line":32,"column":21}},"loc":{"start":{"line":32,"column":26},"end":{"line":34,"column":11}},"line":32},"4":{"name":"(anonymous_4)","decl":{"start":{"line":41,"column":17},"end":{"line":41,"column":18}},"loc":{"start":{"line":41,"column":23},"end":{"line":44,"column":9}},"line":41}},"branchMap":{},"s":{"0":2,"1":3,"2":3,"3":0,"4":0,"5":3,"6":0,"7":0,"8":0,"9":0,"10":2},"f":{"0":3,"1":0,"2":0,"3":0,"4":0},"b":{},"_coverageSchema":"1a1c01bbd47fc00a2c39e90264f33305004495a9","hash":"0531e842834efc070420b9af24f155b8a238c1d6"}
,"/home/sergio/Projects/cucarachas/client/src/components/warning/index.tsx": {"path":"/home/sergio/Projects/cucarachas/client/src/components/warning/index.tsx","statementMap":{"0":{"start":{"line":3,"column":16},"end":{"line":6,"column":1}},"1":{"start":{"line":4,"column":2},"end":{"line":4,"column":24}},"2":{"start":{"line":4,"column":13},"end":{"line":4,"column":24}},"3":{"start":{"line":5,"column":2},"end":{"line":5,"column":44}},"4":{"start":{"line":8,"column":0},"end":{"line":8,"column":24}}},"fnMap":{"0":{"name":"(anonymous_0)","decl":{"start":{"line":3,"column":16},"end":{"line":3,"column":17}},"loc":{"start":{"line":3,"column":69},"end":{"line":6,"column":1}},"line":3}},"branchMap":{"0":{"loc":{"start":{"line":4,"column":2},"end":{"line":4,"column":24}},"type":"if","locations":[{"start":{"line":4,"column":2},"end":{"line":4,"column":24}},{"start":{},"end":{}}],"line":4}},"s":{"0":2,"1":12,"2":12,"3":0,"4":2},"f":{"0":12},"b":{"0":[12,0]},"_coverageSchema":"1a1c01bbd47fc00a2c39e90264f33305004495a9","hash":"35df711a6307b795b9c44a536db8589800928df2"}
,"/home/sergio/Projects/cucarachas/client/src/routes/index.ts": {"path":"/home/sergio/Projects/cucarachas/client/src/routes/index.ts","statementMap":{"0":{"start":{"line":21,"column":23},"end":{"line":46,"column":1}},"1":{"start":{"line":48,"column":0},"end":{"line":48,"column":23}}},"fnMap":{},"branchMap":{},"s":{"0":2,"1":2},"f":{},"b":{},"_coverageSchema":"1a1c01bbd47fc00a2c39e90264f33305004495a9","hash":"014c758722c9064b83533c0acc33c01d31307ba0"}
,"/home/sergio/Projects/cucarachas/client/src/store/actions/index.ts": {"path":"/home/sergio/Projects/cucarachas/client/src/store/actions/index.ts","statementMap":{"0":{"start":{"line":4,"column":28},"end":{"line":7,"column":2}},"1":{"start":{"line":4,"column":41},"end":{"line":7,"column":1}},"2":{"start":{"line":9,"column":27},"end":{"line":12,"column":2}},"3":{"start":{"line":9,"column":39},"end":{"line":12,"column":1}},"4":{"start":{"line":14,"column":34},"end":{"line":17,"column":2}},"5":{"start":{"line":14,"column":46},"end":{"line":17,"column":1}},"6":{"start":{"line":19,"column":26},"end":{"line":22,"column":2}},"7":{"start":{"line":19,"column":37},"end":{"line":22,"column":1}},"8":{"start":{"line":24,"column":34},"end":{"line":27,"column":2}},"9":{"start":{"line":24,"column":46},"end":{"line":27,"column":1}},"10":{"start":{"line":29,"column":35},"end":{"line":32,"column":2}},"11":{"start":{"line":29,"column":47},"end":{"line":32,"column":1}},"12":{"start":{"line":34,"column":31},"end":{"line":37,"column":2}},"13":{"start":{"line":34,"column":43},"end":{"line":37,"column":1}},"14":{"start":{"line":39,"column":29},"end":{"line":42,"column":2}},"15":{"start":{"line":39,"column":36},"end":{"line":42,"column":1}},"16":{"start":{"line":44,"column":0},"end":{"line":53,"column":1}}},"fnMap":{"0":{"name":"(anonymous_0)","decl":{"start":{"line":4,"column":28},"end":{"line":4,"column":29}},"loc":{"start":{"line":4,"column":41},"end":{"line":7,"column":1}},"line":4},"1":{"name":"(anonymous_1)","decl":{"start":{"line":9,"column":27},"end":{"line":9,"column":28}},"loc":{"start":{"line":9,"column":39},"end":{"line":12,"column":1}},"line":9},"2":{"name":"(anonymous_2)","decl":{"start":{"line":14,"column":34},"end":{"line":14,"column":35}},"loc":{"start":{"line":14,"column":46},"end":{"line":17,"column":1}},"line":14},"3":{"name":"(anonymous_3)","decl":{"start":{"line":19,"column":26},"end":{"line":19,"column":27}},"loc":{"start":{"line":19,"column":37},"end":{"line":22,"column":1}},"line":19},"4":{"name":"(anonymous_4)","decl":{"start":{"line":24,"column":34},"end":{"line":24,"column":35}},"loc":{"start":{"line":24,"column":46},"end":{"line":27,"column":1}},"line":24},"5":{"name":"(anonymous_5)","decl":{"start":{"line":29,"column":35},"end":{"line":29,"column":36}},"loc":{"start":{"line":29,"column":47},"end":{"line":32,"column":1}},"line":29},"6":{"name":"(anonymous_6)","decl":{"start":{"line":34,"column":31},"end":{"line":34,"column":32}},"loc":{"start":{"line":34,"column":43},"end":{"line":37,"column":1}},"line":34},"7":{"name":"(anonymous_7)","decl":{"start":{"line":39,"column":29},"end":{"line":39,"column":30}},"loc":{"start":{"line":39,"column":36},"end":{"line":42,"column":1}},"line":39}},"branchMap":{},"s":{"0":2,"1":0,"2":2,"3":1,"4":2,"5":0,"6":2,"7":0,"8":2,"9":0,"10":2,"11":0,"12":2,"13":0,"14":2,"15":0,"16":2},"f":{"0":0,"1":1,"2":0,"3":0,"4":0,"5":0,"6":0,"7":0},"b":{},"_coverageSchema":"1a1c01bbd47fc00a2c39e90264f33305004495a9","hash":"565efb79a1a2abcfeb878e9d6d8afc0ab2d7c6ca"}
,"/home/sergio/Projects/cucarachas/client/src/store/async/config.ts": {"path":"/home/sergio/Projects/cucarachas/client/src/store/async/config.ts","statementMap":{"0":{"start":{"line":1,"column":16},"end":{"line":1,"column":46}},"1":{"start":{"line":4,"column":37},"end":{"line":70,"column":1}},"2":{"start":{"line":25,"column":14},"end":{"line":25,"column":71}},"3":{"start":{"line":35,"column":14},"end":{"line":35,"column":71}},"4":{"start":{"line":52,"column":14},"end":{"line":52,"column":73}},"5":{"start":{"line":60,"column":30},"end":{"line":60,"column":53}},"6":{"start":{"line":61,"column":27},"end":{"line":61,"column":51}},"7":{"start":{"line":66,"column":30},"end":{"line":66,"column":54}},"8":{"start":{"line":67,"column":27},"end":{"line":67,"column":72}},"9":{"start":{"line":72,"column":0},"end":{"line":72,"column":30}}},"fnMap":{"0":{"name":"(anonymous_0)","decl":{"start":{"line":25,"column":8},"end":{"line":25,"column":9}},"loc":{"start":{"line":25,"column":14},"end":{"line":25,"column":71}},"line":25},"1":{"name":"(anonymous_1)","decl":{"start":{"line":35,"column":8},"end":{"line":35,"column":9}},"loc":{"start":{"line":35,"column":14},"end":{"line":35,"column":71}},"line":35},"2":{"name":"(anonymous_2)","decl":{"start":{"line":52,"column":8},"end":{"line":52,"column":9}},"loc":{"start":{"line":52,"column":14},"end":{"line":52,"column":73}},"line":52},"3":{"name":"(anonymous_3)","decl":{"start":{"line":60,"column":24},"end":{"line":60,"column":25}},"loc":{"start":{"line":60,"column":30},"end":{"line":60,"column":53}},"line":60},"4":{"name":"(anonymous_4)","decl":{"start":{"line":61,"column":21},"end":{"line":61,"column":22}},"loc":{"start":{"line":61,"column":27},"end":{"line":61,"column":51}},"line":61},"5":{"name":"(anonymous_5)","decl":{"start":{"line":66,"column":24},"end":{"line":66,"column":25}},"loc":{"start":{"line":66,"column":30},"end":{"line":66,"column":54}},"line":66},"6":{"name":"(anonymous_6)","decl":{"start":{"line":67,"column":21},"end":{"line":67,"column":22}},"loc":{"start":{"line":67,"column":27},"end":{"line":67,"column":72}},"line":67}},"branchMap":{},"s":{"0":2,"1":2,"2":0,"3":0,"4":0,"5":0,"6":0,"7":0,"8":0,"9":2},"f":{"0":0,"1":0,"2":0,"3":0,"4":0,"5":0,"6":0},"b":{},"_coverageSchema":"1a1c01bbd47fc00a2c39e90264f33305004495a9","hash":"42cd6214ddb14e041424165c61bfc5420a3f2a83"}
,"/home/sergio/Projects/cucarachas/client/src/store/async/index.ts": {"path":"/home/sergio/Projects/cucarachas/client/src/store/async/index.ts","statementMap":{"0":{"start":{"line":1,"column":22},"end":{"line":1,"column":44}},"1":{"start":{"line":16,"column":29},"end":{"line":39,"column":1}},"2":{"start":{"line":23,"column":13},"end":{"line":23,"column":17}},"3":{"start":{"line":25,"column":74},"end":{"line":27,"column":3}},"4":{"start":{"line":29,"column":2},"end":{"line":32,"column":3}},"5":{"start":{"line":30,"column":4},"end":{"line":30,"column":31}},"6":{"start":{"line":31,"column":4},"end":{"line":31,"column":48}},"7":{"start":{"line":34,"column":2},"end":{"line":38,"column":3}},"8":{"start":{"line":42,"column":2},"end":{"line":106,"column":3}},"9":{"start":{"line":43,"column":2},"end":{"line":106,"column":3}},"10":{"start":{"line":48,"column":4},"end":{"line":105,"column":5}},"11":{"start":{"line":49,"column":6},"end":{"line":104,"column":10}},"12":{"start":{"line":50,"column":20},"end":{"line":52,"column":9}},"13":{"start":{"line":54,"column":23},"end":{"line":54,"column":34}},"14":{"start":{"line":55,"column":8},"end":{"line":64,"column":9}},"15":{"start":{"line":56,"column":10},"end":{"line":63,"column":12}},"16":{"start":{"line":57,"column":35},"end":{"line":57,"column":79}},"17":{"start":{"line":58,"column":12},"end":{"line":62,"column":15}},"18":{"start":{"line":59,"column":14},"end":{"line":62,"column":15}},"19":{"start":{"line":66,"column":8},"end":{"line":66,"column":31}},"20":{"start":{"line":68,"column":8},"end":{"line":74,"column":9}},"21":{"start":{"line":69,"column":10},"end":{"line":73,"column":12}},"22":{"start":{"line":70,"column":29},"end":{"line":70,"column":79}},"23":{"start":{"line":71,"column":12},"end":{"line":72,"column":77}},"24":{"start":{"line":72,"column":14},"end":{"line":72,"column":77}},"25":{"start":{"line":76,"column":31},"end":{"line":76,"column":69}},"26":{"start":{"line":78,"column":25},"end":{"line":78,"column":68}},"27":{"start":{"line":80,"column":8},"end":{"line":80,"column":46}},"28":{"start":{"line":83,"column":10},"end":{"line":90,"column":11}},"29":{"start":{"line":84,"column":31},"end":{"line":88,"column":14}},"30":{"start":{"line":89,"column":12},"end":{"line":89,"column":41}},"31":{"start":{"line":91,"column":10},"end":{"line":91,"column":21}},"32":{"start":{"line":94,"column":10},"end":{"line":103,"column":11}},"33":{"start":{"line":95,"column":31},"end":{"line":99,"column":14}},"34":{"start":{"line":100,"column":12},"end":{"line":102,"column":13}},"35":{"start":{"line":101,"column":14},"end":{"line":101,"column":52}},"36":{"start":{"line":109,"column":2},"end":{"line":158,"column":3}},"37":{"start":{"line":110,"column":2},"end":{"line":158,"column":3}},"38":{"start":{"line":115,"column":2},"end":{"line":158,"column":3}},"39":{"start":{"line":116,"column":29},"end":{"line":116,"column":35}},"40":{"start":{"line":118,"column":27},"end":{"line":155,"column":6}},"41":{"start":{"line":121,"column":10},"end":{"line":121,"column":16}},"42":{"start":{"line":123,"column":6},"end":{"line":123,"column":75}},"43":{"start":{"line":123,"column":45},"end":{"line":123,"column":75}},"44":{"start":{"line":124,"column":19},"end":{"line":124,"column":33}},"45":{"start":{"line":125,"column":6},"end":{"line":125,"column":29}},"46":{"start":{"line":126,"column":6},"end":{"line":126,"column":35}},"47":{"start":{"line":128,"column":23},"end":{"line":137,"column":8}},"48":{"start":{"line":139,"column":6},"end":{"line":154,"column":10}},"49":{"start":{"line":140,"column":8},"end":{"line":140,"column":52}},"50":{"start":{"line":142,"column":39},"end":{"line":142,"column":43}},"51":{"start":{"line":144,"column":10},"end":{"line":153,"column":11}},"52":{"start":{"line":145,"column":31},"end":{"line":149,"column":14}},"53":{"start":{"line":150,"column":12},"end":{"line":152,"column":13}},"54":{"start":{"line":151,"column":14},"end":{"line":151,"column":52}},"55":{"start":{"line":157,"column":4},"end":{"line":157,"column":66}},"56":{"start":{"line":160,"column":26},"end":{"line":172,"column":1}},"57":{"start":{"line":169,"column":2},"end":{"line":171,"column":4}},"58":{"start":{"line":170,"column":4},"end":{"line":170,"column":44}},"59":{"start":{"line":174,"column":23},"end":{"line":201,"column":1}},"60":{"start":{"line":185,"column":2},"end":{"line":194,"column":3}},"61":{"start":{"line":186,"column":24},"end":{"line":186,"column":60}},"62":{"start":{"line":187,"column":4},"end":{"line":191,"column":5}},"63":{"start":{"line":188,"column":6},"end":{"line":188,"column":42}},"64":{"start":{"line":190,"column":6},"end":{"line":190,"column":42}},"65":{"start":{"line":193,"column":4},"end":{"line":193,"column":18}},"66":{"start":{"line":196,"column":2},"end":{"line":200,"column":3}},"67":{"start":{"line":197,"column":4},"end":{"line":197,"col
[...]
,"/home/sergio/Projects/cucarachas/client/src/store/reducers/logged/reducer.js": {"path":"/home/sergio/Projects/cucarachas/client/src/store/reducers/logged/reducer.js","statementMap":{"0":{"start":{"line":1,"column":21},"end":{"line":1,"column":26}},"1":{"start":{"line":3,"column":16},"end":{"line":10,"column":1}},"2":{"start":{"line":4,"column":2},"end":{"line":9,"column":3}},"3":{"start":{"line":6,"column":6},"end":{"line":6,"column":27}},"4":{"start":{"line":8,"column":6},"end":{"line":8,"column":18}},"5":{"start":{"line":12,"column":0},"end":{"line":12,"column":24}}},"fnMap":{"0":{"name":"(anonymous_0)","decl":{"start":{"line":3,"column":16},"end":{"line":3,"column":17}},"loc":{"start":{"line":3,"column":55},"end":{"line":10,"column":1}},"line":3}},"branchMap":{"0":{"loc":{"start":{"line":3,"column":17},"end":{"line":3,"column":37}},"type":"default-arg","locations":[{"start":{"line":3,"column":25},"end":{"line":3,"column":37}}],"line":3},"1":{"loc":{"start":{"line":3,"column":39},"end":{"line":3,"column":50}},"type":"default-arg","locations":[{"start":{"line":3,"column":48},"end":{"line":3,"column":50}}],"line":3},"2":{"loc":{"start":{"line":4,"column":2},"end":{"line":9,"column":3}},"type":"switch","locations":[{"start":{"line":5,"column":4},"end":{"line":6,"column":27}},{"start":{"line":7,"column":4},"end":{"line":8,"column":18}}],"line":4}},"s":{"0":2,"1":2,"2":9,"3":0,"4":9,"5":2},"f":{"0":9},"b":{"0":[4],"1":[0],"2":[0,9]},"_coverageSchema":"1a1c01bbd47fc00a2c39e90264f33305004495a9","hash":"b24755b0c148bb9e6057b7ba57c0185597d05991"}
,"/home/sergio/Projects/cucarachas/client/src/store/reducers/message/reducer.js": {"path":"/home/sergio/Projects/cucarachas/client/src/store/reducers/message/reducer.js","statementMap":{"0":{"start":{"line":1,"column":21},"end":{"line":7,"column":1}},"1":{"start":{"line":9,"column":16},"end":{"line":39,"column":1}},"2":{"start":{"line":10,"column":16},"end":{"line":10,"column":20}},"3":{"start":{"line":11,"column":22},"end":{"line":11,"column":28}},"4":{"start":{"line":13,"column":2},"end":{"line":14,"column":21}},"5":{"start":{"line":14,"column":4},"end":{"line":14,"column":21}},"6":{"start":{"line":15,"column":2},"end":{"line":15,"column":77}},"7":{"start":{"line":15,"column":52},"end":{"line":15,"column":77}},"8":{"start":{"line":16,"column":2},"end":{"line":16,"column":50}},"9":{"start":{"line":16,"column":24},"end":{"line":16,"column":50}},"10":{"start":{"line":18,"column":2},"end":{"line":38,"column":3}},"11":{"start":{"line":20,"column":6},"end":{"line":23,"column":7}},"12":{"start":{"line":25,"column":6},"end":{"line":28,"column":7}},"13":{"start":{"line":30,"column":6},"end":{"line":33,"column":7}},"14":{"start":{"line":35,"column":6},"end":{"line":35,"column":25}},"15":{"start":{"line":37,"column":6},"end":{"line":37,"column":18}},"16":{"start":{"line":41,"column":0},"end":{"line":41,"column":24}}},"fnMap":{"0":{"name":"(anonymous_0)","decl":{"start":{"line":9,"column":16},"end":{"line":9,"column":17}},"loc":{"start":{"line":9,"column":55},"end":{"line":39,"column":1}},"line":9}},"branchMap":{"0":{"loc":{"start":{"line":9,"column":17},"end":{"line":9,"column":37}},"type":"default-arg","locations":[{"start":{"line":9,"column":25},"end":{"line":9,"column":37}}],"line":9},"1":{"loc":{"start":{"line":9,"column":39},"end":{"line":9,"column":50}},"type":"default-arg","locations":[{"start":{"line":9,"column":48},"end":{"line":9,"column":50}}],"line":9},"2":{"loc":{"start":{"line":13,"column":2},"end":{"line":14,"column":21}},"type":"if","locations":[{"start":{"line":13,"column":2},"end":{"line":14,"column":21}},{"start":{},"end":{}}],"line":13},"3":{"loc":{"start":{"line":13,"column":6},"end":{"line":13,"column":62}},"type":"binary-expr","locations":[{"start":{"line":13,"column":6},"end":{"line":13,"column":33}},{"start":{"line":13,"column":37},"end":{"line":13,"column":62}}],"line":13},"4":{"loc":{"start":{"line":15,"column":2},"end":{"line":15,"column":77}},"type":"if","locations":[{"start":{"line":15,"column":2},"end":{"line":15,"column":77}},{"start":{},"end":{}}],"line":15},"5":{"loc":{"start":{"line":15,"column":6},"end":{"line":15,"column":50}},"type":"binary-expr","locations":[{"start":{"line":15,"column":6},"end":{"line":15,"column":30}},{"start":{"line":15,"column":34},"end":{"line":15,"column":50}}],"line":15},"6":{"loc":{"start":{"line":16,"column":2},"end":{"line":16,"column":50}},"type":"if","locations":[{"start":{"line":16,"column":2},"end":{"line":16,"column":50}},{"start":{},"end":{}}],"line":16},"7":{"loc":{"start":{"line":18,"column":2},"end":{"line":38,"column":3}},"type":"switch","locations":[{"start":{"line":19,"column":4},"end":{"line":23,"column":7}},{"start":{"line":24,"column":4},"end":{"line":28,"column":7}},{"start":{"line":29,"column":4},"end":{"line":33,"column":7}},{"start":{"line":34,"column":4},"end":{"line":35,"column":25}},{"start":{"line":36,"column":4},"end":{"line":37,"column":18}}],"line":18}},"s":{"0":2,"1":2,"2":9,"3":9,"4":9,"5":0,"6":9,"7":0,"8":9,"9":0,"10":9,"11":0,"12":0,"13":0,"14":0,"15":9,"16":2},"f":{"0":9},"b":{"0":[4],"1":[0],"2":[0,9],"3":[9,9],"4":[0,9],"5":[9,9],"6":[0,9],"7":[0,0,0,0,9]},"_coverageSchema":"1a1c01bbd47fc00a2c39e90264f33305004495a9","hash":"2d6e13961aabaeb4aaf9998b350c5e7f5f071dce"}
,"/home/sergio/Projects/cucarachas/client/src/store/setUp/index.js": {"path":"/home/sergio/Projects/cucarachas/client/src/store/setUp/index.js","statementMap":{"0":{"start":{"line":1,"column":41},"end":{"line":1,"column":57}},"1":{"start":{"line":2,"column":24},"end":{"line":2,"column":54}},"2":{"start":{"line":3,"column":32},"end":{"line":3,"column":68}},"3":{"start":{"line":4,"column":25},"end":{"line":4,"column":47}},"4":{"start":{"line":5,"column":21},"end":{"line":5,"column":49}},"5":{"start":{"line":7,"column":25},"end":{"line":7,"column":78}},"6":{"start":{"line":9,"column":19},"end":{"line":15,"column":1}},"7":{"start":{"line":10,"column":2},"end":{"line":14,"column":3}},"8":{"start":{"line":17,"column":0},"end":{"line":17,"column":27}}},"fnMap":{"0":{"name":"(anonymous_0)","decl":{"start":{"line":9,"column":19},"end":{"line":9,"column":20}},"loc":{"start":{"line":9,"column":35},"end":{"line":15,"column":1}},"line":9}},"branchMap":{},"s":{"0":2,"1":2,"2":2,"3":2,"4":2,"5":2,"6":2,"7":4,"8":2},"f":{"0":4},"b":{},"_coverageSchema":"1a1c01bbd47fc00a2c39e90264f33305004495a9","hash":"aa853bad15cfdbc3e0b66d7a5582586f05beaa3d"}
,"/home/sergio/Projects/cucarachas/client/src/store/state/index.ts": {"path":"/home/sergio/Projects/cucarachas/client/src/store/state/index.ts","statementMap":{"0":{"start":{"line":10,"column":32},"end":{"line":21,"column":1}},"1":{"start":{"line":23,"column":0},"end":{"line":23,"column":29}}},"fnMap":{},"branchMap":{},"s":{"0":2,"1":2},"f":{},"b":{},"_coverageSchema":"1a1c01bbd47fc00a2c39e90264f33305004495a9","hash":"63349ea773b8c2943fa0226891125375ff9a1763"}
,"/home/sergio/Projects/cucarachas/client/src/utils/index.tsx": {"path":"/home/sergio/Projects/cucarachas/client/src/utils/index.tsx","statementMap":{"0":{"start":{"line":1,"column":14},"end":{"line":1,"column":30}},"1":{"start":{"line":6,"column":25},"end":{"line":8,"column":1}},"2":{"start":{"line":7,"column":2},"end":{"line":7,"column":68}},"3":{"start":{"line":10,"column":25},"end":{"line":30,"column":1}},"4":{"start":{"line":11,"column":17},"end":{"line":11,"column":43}},"5":{"start":{"line":12,"column":2},"end":{"line":29,"column":31}},"6":{"start":{"line":14,"column":6},"end":{"line":16,"column":7}},"7":{"start":{"line":15,"column":8},"end":{"line":15,"column":59}},"8":{"start":{"line":17,"column":6},"end":{"line":19,"column":7}},"9":{"start":{"line":18,"column":8},"end":{"line":18,"column":73}},"10":{"start":{"line":20,"column":6},"end":{"line":20,"column":25}},"11":{"start":{"line":23,"column":6},"end":{"line":25,"column":7}},"12":{"start":{"line":24,"column":8},"end":{"line":24,"column":21}},"13":{"start":{"line":32,"column":18},"end":{"line":36,"column":33}},"14":{"start":{"line":33,"column":2},"end":{"line":36,"column":33}},"15":{"start":{"line":35,"column":19},"end":{"line":35,"column":56}},"16":{"start":{"line":36,"column":14},"end":{"line":36,"column":29}},"17":{"start":{"line":38,"column":0},"end":{"line":42,"column":1}}},"fnMap":{"0":{"name":"(anonymous_0)","decl":{"start":{"line":6,"column":25},"end":{"line":6,"column":26}},"loc":{"start":{"line":6,"column":47},"end":{"line":8,"column":1}},"line":6},"1":{"name":"(anonymous_1)","decl":{"start":{"line":10,"column":25},"end":{"line":10,"column":26}},"loc":{"start":{"line":10,"column":63},"end":{"line":30,"column":1}},"line":10},"2":{"name":"(anonymous_2)","decl":{"start":{"line":13,"column":18},"end":{"line":13,"column":19}},"loc":{"start":{"line":13,"column":44},"end":{"line":21,"column":5}},"line":13},"3":{"name":"(anonymous_3)","decl":{"start":{"line":22,"column":17},"end":{"line":22,"column":18}},"loc":{"start":{"line":22,"column":26},"end":{"line":26,"column":5}},"line":22},"4":{"name":"(anonymous_4)","decl":{"start":{"line":32,"column":18},"end":{"line":32,"column":19}},"loc":{"start":{"line":33,"column":2},"end":{"line":36,"column":33}},"line":33},"5":{"name":"(anonymous_5)","decl":{"start":{"line":35,"column":12},"end":{"line":35,"column":13}},"loc":{"start":{"line":35,"column":19},"end":{"line":35,"column":56}},"line":35},"6":{"name":"(anonymous_6)","decl":{"start":{"line":36,"column":9},"end":{"line":36,"column":10}},"loc":{"start":{"line":36,"column":14},"end":{"line":36,"column":29}},"line":36}},"branchMap":{"0":{"loc":{"start":{"line":14,"column":6},"end":{"line":16,"column":7}},"type":"if","locations":[{"start":{"line":14,"column":6},"end":{"line":16,"column":7}},{"start":{},"end":{}}],"line":14},"1":{"loc":{"start":{"line":17,"column":6},"end":{"line":19,"column":7}},"type":"if","locations":[{"start":{"line":17,"column":6},"end":{"line":19,"column":7}},{"start":{},"end":{}}],"line":17},"2":{"loc":{"start":{"line":23,"column":6},"end":{"line":25,"column":7}},"type":"if","locations":[{"start":{"line":23,"column":6},"end":{"line":25,"column":7}},{"start":{},"end":{}}],"line":23},"3":{"loc":{"start":{"line":23,"column":10},"end":{"line":23,"column":56}},"type":"binary-expr","locations":[{"start":{"line":23,"column":10},"end":{"line":23,"column":35}},{"start":{"line":23,"column":39},"end":{"line":23,"column":56}}],"line":23}},"s":{"0":2,"1":2,"2":0,"3":2,"4":1,"5":1,"6":0,"7":0,"8":0,"9":0,"10":0,"11":2,"12":0,"13":2,"14":1,"15":1,"16":0,"17":2},"f":{"0":0,"1":1,"2":0,"3":2,"4":1,"5":1,"6":0},"b":{"0":[0,0],"1":[0,0],"2":[0,2],"3":[2,2]},"_coverageSchema":"1a1c01bbd47fc00a2c39e90264f33305004495a9","hash":"7cc4d9b77339a979b3e00ee9502446424fbe59e7"}
,"/home/sergio/Projects/cucarachas/client/src/utils/SPA/main.js": {"path":"/home/sergio/Projects/cucarachas/client/src/utils/SPA/main.js","statementMap":{"0":{"start":{"line":1,"column":14},"end":{"line":1,"column":30}},"1":{"start":{"line":2,"column":26},"end":{"line":2,"column":53}},"2":{"start":{"line":8,"column":4},"end":{"line":8,"column":31}},"3":{"start":{"line":10,"column":13},"end":{"line":29,"column":1}},"4":{"start":{"line":11,"column":4},"end":{"line":28,"column":5}},"5":{"start":{"line":31,"column":0},"end":{"line":31,"column":25}}},"fnMap":{"0":{"name":"(anonymous_0)","decl":{"start":{"line":10,"column":13},"end":{"line":10,"column":14}},"loc":{"start":{"line":10,"column":19},"end":{"line":29,"column":1}},"line":10}},"branchMap":{},"s":{"0":2,"1":2,"2":2,"3":2,"4":1,"5":2},"f":{"0":1},"b":{},"_coverageSchema":"1a1c01bbd47fc00a2c39e90264f33305004495a9","hash":"1a55c70afaf347704e2e1bcc65829e594fc9cec0"}
,"/home/sergio/Projects/cucarachas/client/test/utils/data-mocks.js": {"path":"/home/sergio/Projects/cucarachas/client/test/utils/data-mocks.js","statementMap":{"0":{"start":{"line":1,"column":20},"end":{"line":65,"column":1}},"1":{"start":{"line":67,"column":19},"end":{"line":74,"column":1}},"2":{"start":{"line":68,"column":4},"end":{"line":73,"column":39}},"3":{"start":{"line":69,"column":8},"end":{"line":71,"column":9}},"4":{"start":{"line":70,"column":12},"end":{"line":70,"column":28}},"5":{"start":{"line":72,"column":8},"end":{"line":72,"column":19}},"6":{"start":{"line":73,"column":17},"end":{"line":73,"column":38}},"7":{"start":{"line":76,"column":31},"end":{"line":93,"column":1}},"8":{"start":{"line":77,"column":13},"end":{"line":77,"column":24}},"9":{"start":{"line":78,"column":2},"end":{"line":80,"column":3}},"10":{"start":{"line":79,"column":4},"end":{"line":79,"column":45}},"11":{"start":{"line":79,"column":35},"end":{"line":79,"column":44}},"12":{"start":{"line":81,"column":2},"end":{"line":92,"column":3}},"13":{"start":{"line":95,"column":0},"end":{"line":98,"column":1}}},"fnMap":{"0":{"name":"(anonymous_0)","decl":{"start":{"line":67,"column":19},"end":{"line":67,"column":20}},"loc":{"start":{"line":67,"column":57},"end":{"line":74,"column":1}},"line":67},"1":{"name":"(anonymous_1)","decl":{"start":{"line":68,"column":30},"end":{"line":68,"column":31}},"loc":{"start":{"line":68,"column":35},"end":{"line":73,"column":5}},"line":68},"2":{"name":"(anonymous_2)","decl":{"start":{"line":73,"column":12},"end":{"line":73,"column":13}},"loc":{"start":{"line":73,"column":17},"end":{"line":73,"column":38}},"line":73},"3":{"name":"(anonymous_3)","decl":{"start":{"line":76,"column":31},"end":{"line":76,"column":32}},"loc":{"start":{"line":76,"column":45},"end":{"line":93,"column":1}},"line":76},"4":{"name":"(anonymous_4)","decl":{"start":{"line":79,"column":30},"end":{"line":79,"column":31}},"loc":{"start":{"line":79,"column":35},"end":{"line":79,"column":44}},"line":79}},"branchMap":{"0":{"loc":{"start":{"line":67,"column":29},"end":{"line":67,"column":52}},"type":"default-arg","locations":[{"start":{"line":67,"column":47},"end":{"line":67,"column":52}}],"line":67},"1":{"loc":{"start":{"line":69,"column":8},"end":{"line":71,"column":9}},"type":"if","locations":[{"start":{"line":69,"column":8},"end":{"line":71,"column":9}},{"start":{},"end":{}}],"line":69},"2":{"loc":{"start":{"line":78,"column":2},"end":{"line":80,"column":3}},"type":"if","locations":[{"start":{"line":78,"column":2},"end":{"line":80,"column":3}},{"start":{},"end":{}}],"line":78}},"s":{"0":2,"1":2,"2":1,"3":7,"4":7,"5":0,"6":1,"7":2,"8":2,"9":2,"10":2,"11":14,"12":2,"13":2},"f":{"0":1,"1":7,"2":1,"3":2,"4":14},"b":{"0":[1],"1":[7,0],"2":[2,0]},"_coverageSchema":"1a1c01bbd47fc00a2c39e90264f33305004495a9","hash":"b703187aafbbe97b7384b3eafe4c2b38d7089029"}
,"/home/sergio/Projects/cucarachas/client/test/utils/server-mocks.js": {"path":"/home/sergio/Projects/cucarachas/client/test/utils/server-mocks.js","statementMap":{"0":{"start":{"line":2,"column":22},"end":{"line":2,"column":58}},"1":{"start":{"line":3,"column":47},"end":{"line":3,"column":70}},"2":{"start":{"line":5,"column":18},"end":{"line":7,"column":1}},"3":{"start":{"line":6,"column":2},"end":{"line":6,"column":54}},"4":{"start":{"line":9,"column":0},"end":{"line":33,"column":1}},"5":{"start":{"line":12,"column":26},"end":{"line":12,"column":36}},"6":{"start":{"line":14,"column":30},"end":{"line":14,"column":41}},"7":{"start":{"line":17,"column":6},"end":{"line":20,"column":7}},"8":{"start":{"line":24,"column":30},"end":{"line":24,"column":41}},"9":{"start":{"line":26,"column":6},"end":{"line":29,"column":7}}},"fnMap":{"0":{"name":"(anonymous_0)","decl":{"start":{"line":5,"column":18},"end":{"line":5,"column":19}},"loc":{"start":{"line":5,"column":26},"end":{"line":7,"column":1}},"line":5},"1":{"name":"(anonymous_1)","decl":{"start":{"line":11,"column":51},"end":{"line":11,"column":52}},"loc":{"start":{"line":11,"column":70},"end":{"line":21,"column":5}},"line":11},"2":{"name":"(anonymous_2)","decl":{"start":{"line":22,"column":42},"end":{"line":22,"column":43}},"loc":{"start":{"line":22,"column":61},"end":{"line":30,"column":5}},"line":22}},"branchMap":{},"s":{"0":2,"1":2,"2":2,"3":4,"4":2,"5":1,"6":1,"7":1,"8":0,"9":0},"f":{"0":4,"1":1,"2":0},"b":{},"_coverageSchema":"1a1c01bbd47fc00a2c39e90264f33305004495a9","hash":"5b27ff67c79fd5c009a144a6d77e3bab925f37b7"}
,"/home/sergio/Projects/cucarachas/client/test/utils/test-utils.js": {"path":"/home/sergio/Projects/cucarachas/client/test/utils/test-utils.js","statementMap":{"0":{"start":{"line":1,"column":14},"end":{"line":1,"column":30}},"1":{"start":{"line":2,"column":19},"end":{"line":2,"column":52}},"2":{"start":{"line":3,"column":20},"end":{"line":3,"column":52}},"3":{"start":{"line":4,"column":21},"end":{"line":4,"column":43}},"4":{"start":{"line":5,"column":17},"end":{"line":5,"column":52}},"5":{"start":{"line":6,"column":40},"end":{"line":6,"column":67}},"6":{"start":{"line":18,"column":4},"end":{"line":22,"column":5}},"7":{"start":{"line":26,"column":2},"end":{"line":26,"column":73}},"8":{"start":{"line":40,"column":4},"end":{"line":46,"column":5}},"9":{"start":{"line":50,"column":2},"end":{"line":50,"column":73}},"10":{"start":{"line":53,"column":0},"end":{"line":56,"column":1}}},"fnMap":{"0":{"name":"renderWithProviders","decl":{"start":{"line":8,"column":9},"end":{"line":8,"column":28}},"loc":{"start":{"line":16,"column":2},"end":{"line":27,"column":1}},"line":16},"1":{"name":"Wrapper","decl":{"start":{"line":17,"column":11},"end":{"line":17,"column":18}},"loc":{"start":{"line":17,"column":33},"end":{"line":23,"column":3}},"line":17},"2":{"name":"renderWithRoutes","decl":{"start":{"line":29,"column":9},"end":{"line":29,"column":25}},"loc":{"start":{"line":38,"column":2},"end":{"line":51,"column":1}},"line":38},"3":{"name":"Wrapper","decl":{"start":{"line":39,"column":11},"end":{"line":39,"column":18}},"loc":{"start":{"line":39,"column":21},"end":{"line":47,"column":3}},"line":39}},"branchMap":{"0":{"loc":{"start":{"line":10,"column":2},"end":{"line":15,"column":8}},"type":"default-arg","locations":[{"start":{"line":15,"column":6},"end":{"line":15,"column":8}}],"line":10},"1":{"loc":{"start":{"line":11,"column":4},"end":{"line":11,"column":23}},"type":"default-arg","locations":[{"start":{"line":11,"column":21},"end":{"line":11,"column":23}}],"line":11},"2":{"loc":{"start":{"line":13,"column":4},"end":{"line":13,"column":39}},"type":"default-arg","locations":[{"start":{"line":13,"column":12},"end":{"line":13,"column":39}}],"line":13},"3":{"loc":{"start":{"line":31,"column":2},"end":{"line":37,"column":8}},"type":"default-arg","locations":[{"start":{"line":37,"column":6},"end":{"line":37,"column":8}}],"line":31},"4":{"loc":{"start":{"line":32,"column":4},"end":{"line":32,"column":23}},"type":"default-arg","locations":[{"start":{"line":32,"column":21},"end":{"line":32,"column":23}}],"line":32},"5":{"loc":{"start":{"line":34,"column":4},"end":{"line":34,"column":39}},"type":"default-arg","locations":[{"start":{"line":34,"column":12},"end":{"line":34,"column":39}}],"line":34},"6":{"loc":{"start":{"line":35,"column":4},"end":{"line":35,"column":26}},"type":"default-arg","locations":[{"start":{"line":35,"column":21},"end":{"line":35,"column":26}}],"line":35}},"s":{"0":2,"1":2,"2":2,"3":2,"4":2,"5":2,"6":3,"7":3,"8":1,"9":1,"10":2},"f":{"0":3,"1":3,"2":1,"3":1},"b":{"0":[2],"1":[2],"2":[3],"3":[0],"4":[0],"5":[1],"6":[1]},"_coverageSchema":"1a1c01bbd47fc00a2c39e90264f33305004495a9","hash":"3bdae2b4c4c0a64b60a3d24e178b465eaf0aaf27"}
,"/home/sergio/Projects/cucarachas/data/old-backup-cheatsheets.js": {"path":"/home/sergio/Projects/cucarachas/data/old-backup-cheatsheets.js","statementMap":{"0":{"start":{"line":1,"column":0},"end":{"line":4076,"column":1}}},"fnMap":{},"branchMap":{},"s":{"0":2},"f":{},"b":{},"_coverageSchema":"1a1c01bbd47fc00a2c39e90264f33305004495a9","hash":"10040ba76d810339bba8c1cf00f6351eb504bdce"}
}
