TN:
SF:client/src/components/index.js
FNF:0
FNH:0
DA:1,2
DA:2,2
DA:3,2
DA:4,2
DA:5,2
DA:6,2
DA:7,2
DA:8,2
DA:9,2
DA:10,2
DA:11,2
DA:12,2
DA:13,2
DA:15,2
LF:14
LH:14
BRF:0
BRH:0
end_of_record
TN:
SF:client/src/components/article/index.tsx
FN:16,(anonymous_0)
FN:19,(anonymous_1)
FN:22,(anonymous_2)
FN:27,(anonymous_3)
FN:37,(anonymous_4)
FNF:5
FNH:0
FNDA:0,(anonymous_0)
FNDA:0,(anonymous_1)
FNDA:0,(anonymous_2)
FNDA:0,(anonymous_3)
FNDA:0,(anonymous_4)
DA:6,2
DA:7,2
DA:8,2
DA:9,2
DA:14,2
DA:16,2
DA:17,0
DA:18,0
DA:19,0
DA:20,0
DA:22,0
DA:24,0
DA:25,0
DA:27,0
DA:28,0
DA:29,0
DA:30,0
DA:31,0
DA:32,0
DA:37,0
DA:38,0
DA:39,0
DA:40,0
DA:44,0
DA:46,0
DA:82,2
LF:26
LH:7
BRDA:28,0,0,0
BRDA:28,0,1,0
BRDA:31,1,0,0
BRDA:31,1,1,0
BRDA:31,2,0,0
BRDA:31,2,1,0
BRDA:38,3,0,0
BRDA:38,3,1,0
BRDA:38,4,0,0
BRDA:38,4,1,0
BRDA:44,5,0,0
BRDA:44,5,1,0
BRDA:44,6,0,0
BRDA:44,6,1,0
BRDA:48,7,0,0
BRDA:48,7,1,0
BRDA:53,8,0,0
BRDA:53,8,1,0
BRDA:64,9,0,0
BRDA:64,9,1,0
BRDA:73,10,0,0
BRDA:73,10,1,0
BRDA:74,11,0,0
BRDA:74,11,1,0
BRF:24
BRH:0
end_of_record
TN:
SF:client/src/components/articleCreator/index.js
FN:17,(anonymous_0)
FN:23,findLinkEntities
FN:24,(anonymous_2)
FN:33,(anonymous_3)
FN:45,(anonymous_4)
FN:51,(anonymous_5)
FN:60,(anonymous_6)
FN:61,(anonymous_7)
FN:66,(anonymous_8)
FN:95,(anonymous_9)
FN:99,(anonymous_10)
FN:105,(anonymous_11)
FN:138,(anonymous_12)
FN:165,(anonymous_13)
FN:193,(anonymous_14)
FN:222,(anonymous_15)
FN:230,(anonymous_16)
FN:240,(anonymous_17)
FN:246,(anonymous_18)
FN:247,getBase64
FN:252,(anonymous_20)
FN:253,(anonymous_21)
FN:286,getBlockStyle
FN:296,(anonymous_23)
FN:298,(anonymous_24)
FN:304,(anonymous_25)
FN:331,(anonymous_26)
FN:341,(anonymous_27)
FN:361,(anonymous_28)
FN:365,(anonymous_29)
FNF:30
FNH:0
FNDA:0,(anonymous_0)
FNDA:0,findLinkEntities
FNDA:0,(anonymous_2)
FNDA:0,(anonymous_3)
FNDA:0,(anonymous_4)
FNDA:0,(anonymous_5)
FNDA:0,(anonymous_6)
FNDA:0,(anonymous_7)
FNDA:0,(anonymous_8)
FNDA:0,(anonymous_9)
FNDA:0,(anonymous_10)
FNDA:0,(anonymous_11)
FNDA:0,(anonymous_12)
FNDA:0,(anonymous_13)
FNDA:0,(anonymous_14)
FNDA:0,(anonymous_15)
FNDA:0,(anonymous_16)
FNDA:0,(anonymous_17)
FNDA:0,(anonymous_18)
FNDA:0,getBase64
FNDA:0,(anonymous_20)
FNDA:0,(anonymous_21)
FNDA:0,getBlockStyle
FNDA:0,(anonymous_23)
FNDA:0,(anonymous_24)
FNDA:0,(anonymous_25)
FNDA:0,(anonymous_26)
FNDA:0,(anonymous_27)
FNDA:0,(anonymous_28)
FNDA:0,(anonymous_29)
DA:1,2
DA:11,2
DA:12,2
DA:13,2
DA:15,2
DA:17,2
DA:18,0
DA:19,0
DA:20,0
DA:24,0
DA:25,0
DA:26,0
DA:33,2
DA:34,0
DA:35,0
DA:38,2
DA:46,0
DA:48,0
DA:52,0
DA:53,0
DA:54,0
DA:55,0
DA:56,0
DA:60,0
DA:61,0
DA:62,0
DA:66,0
DA:67,0
DA:68,0
DA:69,0
DA:74,0
DA:75,0
DA:76,0
DA:80,0
DA:81,0
DA:82,0
DA:83,0
DA:85,0
DA:89,0
DA:92,0
DA:95,0
DA:96,0
DA:99,0
DA:100,0
DA:105,0
DA:106,0
DA:107,0
DA:108,0
DA:109,0
DA:110,0
DA:111,0
DA:112,0
DA:113,0
DA:114,0
DA:116,0
DA:122,0
DA:125,0
DA:129,0
DA:138,0
DA:139,0
DA:140,0
DA:141,0
DA:142,0
DA:147,0
DA:148,0
DA:152,0
DA:154,0
DA:160,0
DA:166,0
DA:170,0
DA:171,0
DA:172,0
DA:173,0
DA:174,0
DA:178,0
DA:194,0
DA:195,0
DA:222,0
DA:230,2
DA:231,0
DA:232,0
DA:237,0
DA:240,2
DA:241,0
DA:242,0
DA:243,0
DA:244,0
DA:246,0
DA:248,0
DA:249,0
DA:250,0
DA:252,0
DA:253,0
DA:254,0
DA:255,0
DA:256,0
DA:259,0
DA:261,0
DA:262,0
DA:263,0
DA:268,0
DA:271,0
DA:273,0
DA:277,2
DA:287,0
DA:289,0
DA:291,0
DA:297,0
DA:298,0
DA:299,0
DA:300,0
DA:305,0
DA:306,0
DA:307,0
DA:310,0
DA:318,2
DA:331,2
DA:332,0
DA:333,0
DA:334,0
DA:339,0
DA:342,0
DA:354,2
DA:361,2
DA:362,0
DA:363,0
DA:366,0
DA:378,2
LF:128
LH:16
BRDA:27,0,0,0
BRDA:27,0,1,0
BRDA:53,1,0,0
BRDA:53,1,1,0
BRDA:74,2,0,0
BRDA:74,2,1,0
BRDA:74,3,0,0
BRDA:74,3,1,0
BRDA:80,4,0,0
BRDA:80,4,1,0
BRDA:80,5,0,0
BRDA:80,5,1,0
BRDA:172,6,0,0
BRDA:172,6,1,0
BRDA:173,7,0,0
BRDA:173,7,1,0
BRDA:231,8,0,0
BRDA:231,8,1,0
BRDA:248,9,0,0
BRDA:248,9,1,0
BRDA:248,10,0,0
BRDA:248,10,1,0
BRDA:249,11,0,0
BRDA:249,11,1,0
BRDA:255,12,0,0
BRDA:255,12,1,0
BRDA:262,13,0,0
BRDA:262,13,1,0
BRDA:262,14,0,0
BRDA:262,14,1,0
BRDA:271,15,0,0
BRDA:271,15,1,0
BRDA:287,16,0,0
BRDA:287,16,1,0
BRDA:306,17,0,0
BRDA:306,17,1,0
BRF:36
BRH:0
end_of_record
TN:
SF:client/src/components/articleForm/index.tsx
FN:33,(anonymous_0)
FN:44,(anonymous_1)
FN:55,(anonymous_2)
FN:72,(anonymous_3)
FN:72,(anonymous_4)
FN:74,(anonymous_5)
FN:75,(anonymous_6)
FN:81,(anonymous_7)
FN:85,(anonymous_8)
FN:94,(anonymous_9)
FN:129,(anonymous_10)
FN:136,(anonymous_11)
FNF:12
FNH:1
FNDA:0,(anonymous_0)
FNDA:0,(anonymous_1)
FNDA:0,(anonymous_2)
FNDA:4,(anonymous_3)
FNDA:0,(anonymous_4)
FNDA:0,(anonymous_5)
FNDA:0,(anonymous_6)
FNDA:0,(anonymous_7)
FNDA:0,(anonymous_8)
FNDA:0,(anonymous_9)
FNDA:0,(anonymous_10)
FNDA:0,(anonymous_11)
DA:3,2
DA:4,2
DA:8,2
DA:12,2
DA:21,2
DA:22,2
DA:23,2
DA:24,2
DA:26,2
DA:33,2
DA:34,0
DA:36,0
DA:38,0
DA:40,0
DA:44,2
DA:45,0
DA:47,0
DA:49,0
DA:51,0
DA:55,2
DA:62,0
DA:64,0
DA:66,0
DA:68,0
DA:72,4
DA:73,0
DA:74,0
DA:75,0
DA:76,0
DA:77,0
DA:78,0
DA:79,0
DA:81,0
DA:82,0
DA:85,0
DA:86,0
DA:87,0
DA:88,0
DA:89,0
DA:90,0
DA:94,0
DA:95,0
DA:97,0
DA:98,0
DA:105,0
DA:106,0
DA:107,0
DA:108,0
DA:119,0
DA:122,0
DA:129,0
DA:136,0
DA:157,2
LF:53
LH:14
BRDA:34,0,0,0
BRDA:34,0,1,0
BRDA:34,0,2,0
BRDA:45,1,0,0
BRDA:45,1,1,0
BRDA:45,1,2,0
BRDA:62,2,0,0
BRDA:62,2,1,0
BRDA:62,2,2,0
BRDA:86,3,0,0
BRDA:86,3,1,0
BRDA:86,4,0,0
BRDA:86,4,1,0
BRDA:97,5,0,0
BRDA:97,5,1,0
BRDA:97,6,0,0
BRDA:97,6,1,0
BRDA:97,6,2,0
BRDA:119,7,0,0
BRDA:119,7,1,0
BRDA:152,8,0,0
BRDA:152,8,1,0
BRF:22
BRH:0
end_of_record
TN:
SF:client/src/components/articleLoad/index.js
FN:19,(anonymous_0)
FN:22,(anonymous_1)
FN:32,(anonymous_2)
FN:34,(anonymous_3)
FN:39,(anonymous_4)
FN:47,articleLoad
FN:54,(anonymous_6)
FN:55,(anonymous_7)
FN:71,(anonymous_8)
FN:74,(anonymous_9)
FN:95,(anonymous_10)
FN:100,(anonymous_11)
FN:112,(anonymous_12)
FNF:13
FNH:0
FNDA:0,(anonymous_0)
FNDA:0,(anonymous_1)
FNDA:0,(anonymous_2)
FNDA:0,(anonymous_3)
FNDA:0,(anonymous_4)
FNDA:0,articleLoad
FNDA:0,(anonymous_6)
FNDA:0,(anonymous_7)
FNDA:0,(anonymous_8)
FNDA:0,(anonymous_9)
FNDA:0,(anonymous_10)
FNDA:0,(anonymous_11)
FNDA:0,(anonymous_12)
DA:4,2
DA:5,2
DA:6,2
DA:9,2
DA:15,2
DA:17,2
DA:19,2
DA:20,0
DA:21,0
DA:22,0
DA:23,0
DA:27,0
DA:29,0
DA:32,2
DA:33,0
DA:34,0
DA:35,0
DA:36,0
DA:37,0
DA:40,0
DA:41,0
DA:48,0
DA:49,0
DA:50,0
DA:51,0
DA:52,0
DA:54,0
DA:55,0
DA:56,0
DA:57,0
DA:61,0
DA:62,0
DA:68,0
DA:71,0
DA:72,0
DA:73,0
DA:74,0
DA:75,0
DA:85,0
DA:89,0
DA:95,0
DA:100,0
DA:112,0
DA:120,2
LF:44
LH:9
BRF:0
BRH:0
end_of_record
TN:
SF:client/src/components/articles/index.tsx
FN:15,(anonymous_0)
FN:19,(anonymous_1)
FN:21,(anonymous_2)
FN:32,(anonymous_3)
FN:37,(anonymous_4)
FN:42,(anonymous_5)
FN:48,(anonymous_6)
FN:52,(anonymous_7)
FN:66,(anonymous_8)
FNF:9
FNH:4
FNDA:1,(anonymous_0)
FNDA:1,(anonymous_1)
FNDA:0,(anonymous_2)
FNDA:0,(anonymous_3)
FNDA:0,(anonymous_4)
FNDA:1,(anonymous_5)
FNDA:1,(anonymous_6)
FNDA:0,(anonymous_7)
FNDA:0,(anonymous_8)
DA:2,2
DA:8,2
DA:9,2
DA:10,2
DA:11,2
DA:13,2
DA:15,2
DA:16,1
DA:17,1
DA:18,1
DA:19,1
DA:21,1
DA:28,0
DA:29,0
DA:32,1
DA:33,0
DA:34,0
DA:37,1
DA:38,0
DA:39,0
DA:42,1
DA:43,1
DA:48,1
DA:49,1
DA:50,0
DA:53,0
DA:58,1
DA:61,1
DA:67,0
DA:75,2
LF:30
LH:21
BRDA:43,0,0,1
BRDA:43,0,1,0
BRDA:49,1,0,0
BRDA:49,1,1,1
BRDA:49,2,0,1
BRDA:49,2,1,0
BRF:6
BRH:3
end_of_record
TN:
SF:client/src/components/articles/card/index.tsx
FN:7,(anonymous_0)
FNF:1
FNH:0
FNDA:0,(anonymous_0)
DA:5,2
DA:7,2
DA:8,0
DA:10,0
DA:12,0
DA:28,2
LF:6
LH:3
BRDA:8,0,0,0
BRDA:8,0,1,0
BRF:2
BRH:0
end_of_record
TN:
SF:client/src/components/checkbox/index.tsx
FN:9,(anonymous_0)
FN:16,(anonymous_1)
FNF:2
FNH:0
FNDA:0,(anonymous_0)
FNDA:0,(anonymous_1)
DA:9,2
DA:10,0
DA:16,0
DA:24,2
LF:4
LH:2
BRDA:9,0,0,0
BRF:1
BRH:0
end_of_record
TN:
SF:client/src/components/comments/index.tsx
FN:4,(anonymous_0)
FN:8,(anonymous_1)
FNF:2
FNH:0
FNDA:0,(anonymous_0)
FNDA:0,(anonymous_1)
DA:1,2
DA:2,2
DA:4,2
DA:5,0
DA:9,0
DA:16,2
LF:6
LH:4
BRF:0
BRH:0
end_of_record
TN:
SF:client/src/components/comments/comment/index.tsx
FN:12,(anonymous_0)
FN:24,(anonymous_1)
FN:25,(anonymous_2)
FN:28,(anonymous_3)
FN:33,(anonymous_4)
FN:40,(anonymous_5)
FNF:6
FNH:0
FNDA:0,(anonymous_0)
FNDA:0,(anonymous_1)
FNDA:0,(anonymous_2)
FNDA:0,(anonymous_3)
FNDA:0,(anonymous_4)
FNDA:0,(anonymous_5)
DA:8,2
DA:10,2
DA:12,2
DA:19,0
DA:20,0
DA:21,0
DA:22,0
DA:24,0
DA:25,0
DA:28,0
DA:29,0
DA:30,0
DA:33,0
DA:34,0
DA:35,0
DA:38,0
DA:39,0
DA:40,0
DA:41,0
DA:44,0
DA:66,2
LF:21
LH:4
BRDA:20,0,0,0
BRDA:20,0,1,0
BRDA:54,1,0,0
BRDA:54,1,1,0
BRDA:55,2,0,0
BRDA:55,2,1,0
BRF:6
BRH:0
end_of_record
TN:
SF:client/src/components/footer/index.tsx
FN:3,(anonymous_0)
FNF:1
FNH:1
FNDA:1,(anonymous_0)
DA:3,2
DA:4,1
DA:7,2
LF:3
LH:3
BRF:0
BRH:0
end_of_record
TN:
SF:client/src/components/header/index.tsx
FN:16,(anonymous_0)
FN:18,(anonymous_1)
FN:20,(anonymous_2)
FN:25,(anonymous_3)
FNF:4
FNH:0
FNDA:0,(anonymous_0)
FNDA:0,(anonymous_1)
FNDA:0,(anonymous_2)
FNDA:0,(anonymous_3)
DA:7,2
DA:8,2
DA:9,2
DA:10,2
DA:11,2
DA:13,2
DA:14,2
DA:16,2
DA:17,0
DA:18,0
DA:20,0
DA:21,0
DA:22,0
DA:25,0
DA:26,0
DA:29,0
DA:57,2
LF:17
LH:9
BRDA:22,0,0,0
BRDA:22,0,1,0
BRDA:42,1,0,0
BRDA:42,1,1,0
BRDA:43,2,0,0
BRDA:43,2,1,0
BRDA:44,3,0,0
BRDA:44,3,1,0
BRF:8
BRH:0
end_of_record
TN:
SF:client/src/components/header/navItem/index.tsx
FN:10,(anonymous_0)
FNF:1
FNH:0
FNDA:0,(anonymous_0)
DA:10,2
DA:11,0
DA:18,2
LF:3
LH:2
BRDA:13,0,0,0
BRDA:13,0,1,0
BRF:2
BRH:0
end_of_record
TN:
SF:client/src/components/loginForm/index.tsx
FN:12,loginForm
FN:16,(anonymous_1)
FN:18,(anonymous_2)
FN:22,(anonymous_3)
FN:35,(anonymous_4)
FN:42,(anonymous_5)
FNF:6
FNH:0
FNDA:0,loginForm
FNDA:0,(anonymous_1)
FNDA:0,(anonymous_2)
FNDA:0,(anonymous_3)
FNDA:0,(anonymous_4)
FNDA:0,(anonymous_5)
DA:6,2
DA:7,2
DA:9,2
DA:10,2
DA:13,0
DA:14,0
DA:15,0
DA:16,0
DA:18,0
DA:19,0
DA:22,0
DA:23,0
DA:24,0
DA:27,0
DA:35,0
DA:42,0
DA:58,2
LF:17
LH:5
BRDA:48,0,0,0
BRDA:48,0,1,0
BRF:2
BRH:0
end_of_record
TN:
SF:client/src/components/mainFrame/index.tsx
FN:2,(anonymous_0)
FNF:1
FNH:0
FNDA:0,(anonymous_0)
DA:2,2
DA:3,0
DA:6,2
LF:3
LH:2
BRF:0
BRH:0
end_of_record
TN:
SF:client/src/components/paginator/index.tsx
FN:10,(anonymous_0)
FN:11,(anonymous_1)
FN:23,(anonymous_2)
FN:32,(anonymous_3)
FNF:4
FNH:3
FNDA:1,(anonymous_0)
FNDA:1,(anonymous_1)
FNDA:1,(anonymous_2)
FNDA:0,(anonymous_3)
DA:10,2
DA:11,1
DA:12,1
DA:15,1
DA:16,1
DA:18,1
DA:20,1
DA:24,1
DA:25,1
DA:26,1
DA:27,0
DA:28,1
DA:32,0
DA:45,2
LF:14
LH:12
BRDA:26,0,0,0
BRDA:26,0,1,1
BRF:2
BRH:1
end_of_record
TN:
SF:client/src/components/searcher/index.tsx
FN:8,(anonymous_0)
FN:11,(anonymous_1)
FN:20,(anonymous_2)
FN:32,(anonymous_3)
FN:41,(anonymous_4)
FNF:5
FNH:1
FNDA:1,(anonymous_0)
FNDA:0,(anonymous_1)
FNDA:0,(anonymous_2)
FNDA:0,(anonymous_3)
FNDA:0,(anonymous_4)
DA:8,2
DA:9,1
DA:11,1
DA:12,0
DA:13,0
DA:16,1
DA:21,0
DA:33,0
DA:42,0
DA:43,0
DA:52,2
LF:11
LH:5
BRF:0
BRH:0
end_of_record
TN:
SF:client/src/components/warning/index.tsx
FN:3,(anonymous_0)
FNF:1
FNH:0
FNDA:0,(anonymous_0)
DA:3,2
DA:4,0
DA:5,0
DA:8,2
LF:4
LH:2
BRDA:4,0,0,0
BRDA:4,0,1,0
BRF:2
BRH:0
end_of_record
TN:
SF:client/src/routes/index.ts
FNF:0
FNH:0
DA:21,2
DA:48,2
LF:2
LH:2
BRF:0
BRH:0
end_of_record
TN:
SF:client/src/store/actions/index.ts
FN:4,(anonymous_0)
FN:9,(anonymous_1)
FN:14,(anonymous_2)
FN:19,(anonymous_3)
FN:24,(anonymous_4)
FN:29,(anonymous_5)
FN:34,(anonymous_6)
FN:39,(anonymous_7)
FNF:8
FNH:0
FNDA:0,(anonymous_0)
FNDA:0,(anonymous_1)
FNDA:0,(anonymous_2)
FNDA:0,(anonymous_3)
FNDA:0,(anonymous_4)
FNDA:0,(anonymous_5)
FNDA:0,(anonymous_6)
FNDA:0,(anonymous_7)
DA:4,2
DA:9,2
DA:14,2
DA:19,2
DA:24,2
DA:29,2
DA:34,2
DA:39,2
DA:44,2
LF:9
LH:9
BRF:0
BRH:0
end_of_record
TN:
SF:client/src/store/async/config.ts
FN:25,(anonymous_0)
FN:35,(anonymous_1)
FN:52,(anonymous_2)
FN:60,(anonymous_3)
FN:61,(anonymous_4)
FN:66,(anonymous_5)
FN:67,(anonymous_6)
FNF:7
FNH:0
FNDA:0,(anonymous_0)
FNDA:0,(anonymous_1)
FNDA:0,(anonymous_2)
FNDA:0,(anonymous_3)
FNDA:0,(anonymous_4)
FNDA:0,(anonymous_5)
FNDA:0,(anonymous_6)
DA:1,2
DA:4,2
DA:25,0
DA:35,0
DA:52,0
DA:60,0
DA:61,0
DA:66,0
DA:67,0
DA:72,2
LF:10
LH:3
BRF:0
BRH:0
end_of_record
TN:
SF:client/src/store/async/index.ts
FN:16,(anonymous_0)
FN:42,(anonymous_1)
FN:43,(anonymous_2)
FN:48,(anonymous_3)
FN:49,(anonymous_4)
FN:54,(anonymous_5)
FN:67,(anonymous_6)
FN:80,(anonymous_7)
FN:91,(anonymous_8)
FN:98,(anonymous_9)
FN:107,(anonymous_10)
FN:108,(anonymous_11)
FN:113,(anonymous_12)
FN:116,(anonymous_13)
FN:137,(anonymous_14)
FN:140,(anonymous_15)
FN:141,(anonymous_16)
FN:148,(anonymous_17)
FN:158,(anonymous_18)
FN:167,(anonymous_19)
FN:172,(anonymous_20)
FN:201,(anonymous_21)
FN:221,(anonymous_22)
FN:232,(anonymous_23)
FN:237,(anonymous_24)
FN:238,(anonymous_25)
FNF:26
FNH:3
FNDA:0,(anonymous_0)
FNDA:10,(anonymous_1)
FNDA:0,(anonymous_2)
FNDA:0,(anonymous_3)
FNDA:0,(anonymous_4)
FNDA:0,(anonymous_5)
FNDA:0,(anonymous_6)
FNDA:0,(anonymous_7)
FNDA:0,(anonymous_8)
FNDA:0,(anonymous_9)
FNDA:2,(anonymous_10)
FNDA:0,(anonymous_11)
FNDA:0,(anonymous_12)
FNDA:0,(anonymous_13)
FNDA:0,(anonymous_14)
FNDA:0,(anonymous_15)
FNDA:0,(anonymous_16)
FNDA:0,(anonymous_17)
FNDA:0,(anonymous_18)
FNDA:0,(anonymous_19)
FNDA:0,(anonymous_20)
FNDA:0,(anonymous_21)
FNDA:0,(anonymous_22)
FNDA:4,(anonymous_23)
FNDA:0,(anonymous_24)
FNDA:0,(anonymous_25)
DA:1,2
DA:16,2
DA:23,0
DA:25,0
DA:29,0
DA:30,0
DA:31,0
DA:34,0
DA:42,2
DA:43,10
DA:48,0
DA:49,0
DA:50,0
DA:52,0
DA:53,0
DA:54,0
DA:55,0
DA:56,0
DA:57,0
DA:64,0
DA:66,0
DA:67,0
DA:68,0
DA:69,0
DA:70,0
DA:74,0
DA:76,0
DA:78,0
DA:81,0
DA:82,0
DA:87,0
DA:89,0
DA:92,0
DA:93,0
DA:98,0
DA:99,0
DA:107,2
DA:108,2
DA:113,0
DA:114,0
DA:116,0
DA:119,0
DA:121,0
DA:122,0
DA:123,0
DA:124,0
DA:126,0
DA:137,0
DA:138,0
DA:140,0
DA:142,0
DA:143,0
DA:148,0
DA:149,0
DA:155,0
DA:158,2
DA:167,0
DA:168,0
DA:172,2
DA:183,0
DA:184,0
DA:185,0
DA:186,0
DA:188,0
DA:191,0
DA:194,0
DA:195,0
DA:197,0
DA:201,2
DA:208,0
DA:209,0
DA:210,0
DA:212,0
DA:213,0
DA:214,0
DA:215,0
DA:218,0
DA:221,2
DA:228,0
DA:232,2
DA:237,4
DA:238,0
DA:241,0
DA:242,0
DA:246,0
DA:247,0
DA:274,2
DA:293,2
LF:88
LH:14
BRDA:29,0,0,0
BRDA:29,0,1,0
BRDA:43,1,0,0
BRDA:44,2,0,0
BRDA:45,3,0,0
BRDA:46,4,0,0
BRDA:53,5,0,0
BRDA:53,5,1,0
BRDA:55,6,0,0
BRDA:55,6,1,0
BRDA:56,7,0,0
BRDA:56,7,1,0
BRDA:66,8,0,0
BRDA:66,8,1,0
BRDA:68,9,0,0
BRDA:68,9,1,0
BRDA:69,10,0,0
BRDA:69,10,1,0
BRDA:81,11,0,0
BRDA:81,11,1,0
BRDA:81,12,0,0
BRDA:81,12,1,0
BRDA:92,13,0,0
BRDA:92,13,1,0
BRDA:92,14,0,0
BRDA:92,14,1,0
BRDA:121,15,0,0
BRDA:121,15,1,0
BRDA:121,16,0,0
BRDA:121,16,1,0
BRDA:142,17,0,0
BRDA:142,17,1,0
BRDA:142,18,0,0
BRDA:142,18,1,0
BRDA:185,19,0,0
BRDA:185,19,1,0
BRDA:185,20,0,0
BRDA:185,20,1,0
BRDA:194,21,0,0
BRDA:194,21,1,0
BRDA:194,22,0,0
BRDA:194,22,1,0
BRF:42
BRH:0
end_of_record
TN:
SF:client/src/store/reducers/index.js
FNF:0
FNH:0
DA:1,2
DA:2,2
DA:3,2
DA:4,2
DA:5,2
DA:7,2
DA:14,2
LF:7
LH:7
BRF:0
BRH:0
end_of_record
TN:
SF:client/src/store/reducers/article/reducer.js
FN:3,(anonymous_0)
FNF:1
FNH:1
FNDA:6,(anonymous_0)
DA:1,2
DA:3,2
DA:4,6
DA:6,0
DA:11,0
DA:16,6
DA:20,2
LF:7
LH:5
BRDA:3,0,0,4
BRDA:3,1,0,0
BRDA:4,2,0,0
BRDA:4,2,1,0
BRDA:4,2,2,6
BRF:5
BRH:2
end_of_record
TN:
SF:client/src/store/reducers/articles/reducer.js
FN:5,(anonymous_0)
FNF:1
FNH:1
FNDA:6,(anonymous_0)
DA:1,2
DA:5,2
DA:6,6
DA:8,0
DA:13,6
DA:17,2
LF:6
LH:5
BRDA:5,0,0,4
BRDA:5,1,0,0
BRDA:6,2,0,0
BRDA:6,2,1,6
BRF:4
BRH:2
end_of_record
TN:
SF:client/src/store/reducers/logged/reducer.js
FN:3,(anonymous_0)
FNF:1
FNH:1
FNDA:6,(anonymous_0)
DA:1,2
DA:3,2
DA:4,6
DA:6,0
DA:8,6
DA:12,2
LF:6
LH:5
BRDA:3,0,0,4
BRDA:3,1,0,0
BRDA:4,2,0,0
BRDA:4,2,1,6
BRF:4
BRH:2
end_of_record
TN:
SF:client/src/store/reducers/message/reducer.js
FN:9,(anonymous_0)
FNF:1
FNH:1
FNDA:6,(anonymous_0)
DA:1,2
DA:9,2
DA:10,6
DA:11,6
DA:13,6
DA:14,0
DA:15,6
DA:16,6
DA:18,6
DA:20,0
DA:25,0
DA:30,0
DA:35,0
DA:37,6
DA:41,2
LF:15
LH:10
BRDA:9,0,0,4
BRDA:9,1,0,0
BRDA:13,2,0,0
BRDA:13,2,1,6
BRDA:13,3,0,6
BRDA:13,3,1,6
BRDA:15,4,0,0
BRDA:15,4,1,6
BRDA:15,5,0,6
BRDA:15,5,1,6
BRDA:16,6,0,0
BRDA:16,6,1,6
BRDA:18,7,0,0
BRDA:18,7,1,0
BRDA:18,7,2,0
BRDA:18,7,3,0
BRDA:18,7,4,6
BRF:17
BRH:9
end_of_record
TN:
SF:client/src/store/setUp/index.js
FN:9,(anonymous_0)
FNF:1
FNH:1
FNDA:2,(anonymous_0)
DA:1,2
DA:2,2
DA:3,2
DA:4,2
DA:5,2
DA:7,2
DA:9,2
DA:10,2
DA:17,2
LF:9
LH:9
BRF:0
BRH:0
end_of_record
TN:
SF:client/src/store/state/index.ts
FNF:0
FNH:0
DA:10,2
DA:23,2
LF:2
LH:2
BRF:0
BRH:0
end_of_record
TN:
SF:client/src/utils/index.tsx
FN:6,(anonymous_0)
FN:10,(anonymous_1)
FN:13,(anonymous_2)
FN:22,(anonymous_3)
FN:32,(anonymous_4)
FN:35,(anonymous_5)
FN:36,(anonymous_6)
FNF:7
FNH:0
FNDA:0,(anonymous_0)
FNDA:0,(anonymous_1)
FNDA:0,(anonymous_2)
FNDA:0,(anonymous_3)
FNDA:0,(anonymous_4)
FNDA:0,(anonymous_5)
FNDA:0,(anonymous_6)
DA:1,2
DA:6,2
DA:7,0
DA:10,2
DA:11,0
DA:12,0
DA:14,0
DA:15,0
DA:17,0
DA:18,0
DA:20,0
DA:23,0
DA:24,0
DA:32,2
DA:33,0
DA:35,0
DA:36,0
DA:38,2
LF:18
LH:5
BRDA:14,0,0,0
BRDA:14,0,1,0
BRDA:17,1,0,0
BRDA:17,1,1,0
BRDA:23,2,0,0
BRDA:23,2,1,0
BRDA:23,3,0,0
BRDA:23,3,1,0
BRF:8
BRH:0
end_of_record
TN:
SF:client/test/utils/test-utils.js
FN:6,renderWithProviders
FN:15,Wrapper
FNF:2
FNH:2
FNDA:2,renderWithProviders
FNDA:2,Wrapper
DA:1,2
DA:2,2
DA:3,2
DA:4,2
DA:16,2
DA:20,2
DA:23,2
LF:7
LH:7
BRDA:8,0,0,2
BRDA:9,1,0,2
BRDA:11,2,0,2
BRF:3
BRH:3
end_of_record
TN:
SF:data/old-backup-cheatsheets.js
FNF:0
FNH:0
DA:1,2
LF:1
LH:1
BRF:0
BRH:0
end_of_record
