TN:
SF:client/src/components/footer/index.tsx
FN:3,(anonymous_0)
FNF:1
FNH:1
FNDA:1,(anonymous_0)
DA:3,1
DA:4,1
DA:7,1
LF:3
LH:3
BRF:0
BRH:0
end_of_record
TN:
SF:client/src/store/reducers/index.js
FNF:0
FNH:0
DA:1,1
DA:2,1
DA:3,1
DA:4,1
DA:5,1
DA:7,1
DA:14,1
LF:7
LH:7
BRF:0
BRH:0
end_of_record
TN:
SF:client/src/store/reducers/article/reducer.js
FN:3,(anonymous_0)
FNF:1
FNH:1
FNDA:3,(anonymous_0)
DA:1,1
DA:3,1
DA:4,3
DA:6,0
DA:11,0
DA:16,3
DA:20,1
LF:7
LH:5
BRDA:3,0,0,2
BRDA:3,1,0,0
BRDA:4,2,0,0
BRDA:4,2,1,0
BRDA:4,2,2,3
BRF:5
BRH:2
end_of_record
TN:
SF:client/src/store/reducers/articles/reducer.js
FN:5,(anonymous_0)
FNF:1
FNH:1
FNDA:3,(anonymous_0)
DA:1,1
DA:5,1
DA:6,3
DA:8,0
DA:13,3
DA:17,1
LF:6
LH:5
BRDA:5,0,0,2
BRDA:5,1,0,0
BRDA:6,2,0,0
BRDA:6,2,1,3
BRF:4
BRH:2
end_of_record
TN:
SF:client/src/store/reducers/logged/reducer.js
FN:3,(anonymous_0)
FNF:1
FNH:1
FNDA:3,(anonymous_0)
DA:1,1
DA:3,1
DA:4,3
DA:6,0
DA:8,3
DA:12,1
LF:6
LH:5
BRDA:3,0,0,2
BRDA:3,1,0,0
BRDA:4,2,0,0
BRDA:4,2,1,3
BRF:4
BRH:2
end_of_record
TN:
SF:client/src/store/reducers/message/reducer.js
FN:9,(anonymous_0)
FNF:1
FNH:1
FNDA:3,(anonymous_0)
DA:1,1
DA:9,1
DA:10,3
DA:11,3
DA:13,3
DA:14,0
DA:15,3
DA:16,3
DA:18,3
DA:20,0
DA:25,0
DA:30,0
DA:35,0
DA:37,3
DA:41,1
LF:15
LH:10
BRDA:9,0,0,2
BRDA:9,1,0,0
BRDA:13,2,0,0
BRDA:13,2,1,3
BRDA:13,3,0,3
BRDA:13,3,1,3
BRDA:15,4,0,0
BRDA:15,4,1,3
BRDA:15,5,0,3
BRDA:15,5,1,3
BRDA:16,6,0,0
BRDA:16,6,1,3
BRDA:18,7,0,0
BRDA:18,7,1,0
BRDA:18,7,2,0
BRDA:18,7,3,0
BRDA:18,7,4,3
BRF:17
BRH:9
end_of_record
TN:
SF:client/src/store/setUp/index.js
FN:9,(anonymous_0)
FNF:1
FNH:1
FNDA:1,(anonymous_0)
DA:1,1
DA:2,1
DA:3,1
DA:4,1
DA:5,1
DA:7,1
DA:9,1
DA:10,1
DA:17,1
LF:9
LH:9
BRF:0
BRH:0
end_of_record
TN:
SF:client/src/store/state/index.ts
FNF:0
FNH:0
DA:10,1
DA:23,1
LF:2
LH:2
BRF:0
BRH:0
end_of_record
TN:
SF:client/test/utils/test-utils.js
FN:6,renderWithProviders
FN:15,Wrapper
FNF:2
FNH:2
FNDA:1,renderWithProviders
FNDA:1,Wrapper
DA:1,1
DA:2,1
DA:3,1
DA:4,1
DA:16,1
DA:20,1
DA:23,1
LF:7
LH:7
BRDA:8,0,0,1
BRDA:9,1,0,1
BRDA:11,2,0,1
BRF:3
BRH:3
end_of_record
